Pan Offset: 0, 0
Pan Offset: 39, 44
Pan Offset: 0, 0
Pan Offset: -40, 6
Pan Offset: -40, 6
Pan Offset: -11, -3
Pan Offset: 0, 0
Pan Offset: 43, 3
Pan Offset: 43, 3
Pan Offset: -165, -106
Pan Offset: -165, -106
Pan Offset: -36, 58
Pan Offset: -36, 58
Pan Offset: -227, 41
Wheel Offset: 0, 0
Wheel Offset: 0, 0
Wheel Offset: 0, 0
Wheel Offset: -2, -2
Wheel Offset: -2, -2
Pan Offset: -227, 41
Pan Offset: -444, 11
Pan Offset: 0, 0
Pan Offset: -40, 100
Pan Offset: -40, 100
Pan Offset: 54, 14
Pan Offset: 54, 14
Pan Offset: 18, 65
Pan Offset: 18, 65
Pan Offset: 20, 10
Pan Offset: 20, 10
Pan Offset: -13, 22
Pan Offset: -13, 22
Pan Offset: -297, -22
Pan Offset: 0, 0
Pan Offset: -85, -2
Pan Offset: -85, -2
Pan Offset: 22, 5
Pan Offset: 0, 0
Pan Offset: 226, 139
Pan Offset: 226, 139
Pan Offset: 6, 31
Pan Offset: 6, 31
Pan Offset: 301, 197
Pan Offset: 301, 197
Pan Offset: 290, 33
Pan Offset: 290, 33
Pan Offset: -41, 19
Pan Offset: -41, 19
Pan Offset: 9, -210
Pan Offset: 9, -210
Pan Offset: 0, -386
Pan Offset: 0, -386
Pan Offset: 266, -21
Wheel Offset: 0, 0
Wheel Offset: 60, 4
Wheel Offset: 60, 4
Wheel Offset: 128, 26
Wheel Offset: 128, 26
Wheel Offset: 128, 26
Pan Offset: 266, -21
Pan Offset: 497, 68
Pan Offset: 497, 68
Pan Offset: -7.000031, -36
Pan Offset: -7.000031, -36
Pan Offset: -236, -68
Pan Offset: -236, -68
Pan Offset: -35.00003, 25
Pan Offset: -35.00003, 25
Pan Offset: 92.99997, -66
Pan Offset: 92.99997, -66
Pan Offset: -192, -17
Pan Offset: -192, -17
Pan Offset: 86.99997, -2
Pan Offset: 86.99997, -2
Pan Offset: 113, -180
Pan Offset: 113, -180
Pan Offset: -88.00003, -101
Pan Offset: -88.00003, -101
Pan Offset: 1.999969, -307
Pan Offset: 1.999969, -307
Pan Offset: 29.99997, -111
Pan Offset: 29.99997, -111
Pan Offset: 23.99997, 39
Pan Offset: 23.99997, 39
Pan Offset: -126, 44
Pan Offset: -126, 44
Pan Offset: 94.99997, 28
Pan Offset: 94.99997, 28
Pan Offset: -54.00003, 33
Pan Offset: -54.00003, 33
Pan Offset: -116, 136
Pan Offset: -116, 136
Pan Offset: 125, 142
Pan Offset: 125, 142
Pan Offset: 15.99997, -28
Pan Offset: 15.99997, -28
Pan Offset: -152, -83
Pan Offset: -152, -83
Pan Offset: -131, 4
Pan Offset: -131, 4
Pan Offset: -101, -60
Pan Offset: -101, -60
Pan Offset: -318, -72
Pan Offset: -318, -72
Pan Offset: 40.99997, -77
Pan Offset: 40.99997, -77
Pan Offset: -168, -105
Pan Offset: -168, -105
Pan Offset: 13.99997, -180
Pan Offset: 13.99997, -180
Pan Offset: -18.00003, -24
Pan Offset: 0, 0
Pan Offset: -179, -20
Pan Offset: -179, -20
Pan Offset: -311, -1
Pan Offset: -311, -1
Pan Offset: -130, -104
Pan Offset: -130, -104
Pan Offset: -300, -153
Pan Offset: -300, -153
Pan Offset: -275, -49
Pan Offset: 0, 0
Pan Offset: 218, 54
Pan Offset: 218, 54
Pan Offset: -67, 11
Pan Offset: -67, 11
Pan Offset: 44, -267
Pan Offset: 44, -267
Pan Offset: 6, -76
Pan Offset: 6, -76
Pan Offset: -28, 59
Pan Offset: -28, 59
Pan Offset: -118, 13
Pan Offset: -118, 13
Pan Offset: 88, 21
Pan Offset: 0, 0
Pan Offset: -92, 155
Pan Offset: -92, 155
Pan Offset: -249, -120
Pan Offset: -249, -120
Pan Offset: -70, -125
Pan Offset: 0, 0
Pan Offset: -232, 42
Pan Offset: -232, 42
Pan Offset: -406, -113
Pan Offset: -406, -113
Pan Offset: -213, -29
Pan Offset: 0, 0
Pan Offset: 230, 6
Pan Offset: 230, 6
Pan Offset: 114, -148
Pan Offset: 114, -148
Pan Offset: 234, -6
Pan Offset: 234, -6
Pan Offset: -22, 2
Pan Offset: -22, 2
Pan Offset: 29, 9
Pan Offset: 29, 9
Pan Offset: 73, 96
Pan Offset: 73, 96
Pan Offset: 4, 6
Pan Offset: 4, 6
Pan Offset: -7, 6
Pan Offset: -7, 6
Pan Offset: 30, -9
Wheel Offset: 0, 0
Wheel Offset: -2, 3
Pan Offset: 30, -9
Pan Offset: -68, -72
Wheel Offset: -24, -2
Wheel Offset: -25, 0
Wheel Offset: -25, 0
Wheel Offset: -25, 0
Wheel Offset: -25, 0
Pan Offset: -68, -72
Pan Offset: 206, 106
Pan Offset: 206, 106
Pan Offset: 10, 16
Pan Offset: 0, 0
Pan Offset: 22, -10
Wheel Offset: 0, 0
Wheel Offset: 0, 0
Wheel Offset: -47, -1
Wheel Offset: -47, -1
Wheel Offset: -47, -1
Wheel Offset: -47, -1
Wheel Offset: -47, -1
Wheel Offset: -47, -1
Wheel Offset: -47, -1
Pan Offset: 22, -10
Pan Offset: 79, 11
Wheel Offset: 0, 0
Pan Offset: 0, 0
Pan Offset: 282, 146
Pan Offset: 282, 146
Pan Offset: 14, -16
Pan Offset: 14, -16
Pan Offset: 163, 80
Pan Offset: 163, 80
Pan Offset: -95, 83
Pan Offset: -95, 83
Pan Offset: 50, 23
Pan Offset: 50, 23
Pan Offset: -247, -160
Pan Offset: -247, -160
Pan Offset: -197, -332
Pan Offset: -197, -332
Pan Offset: 101, -63
Pan Offset: 101, -63
Pan Offset: 0, 65
Pan Offset: 0, 65
Pan Offset: -164, 42
Pan Offset: -164, 42
Pan Offset: 110, 39
Pan Offset: 110, 39
Pan Offset: -28, -21
Pan Offset: -28, -21
Pan Offset: 285, 88
Pan Offset: 285, 88
Pan Offset: 625, 114
Pan Offset: 625, 114
Pan Offset: 188, 158
Wheel Offset: 0, 0
Wheel Offset: 15, 12
Wheel Offset: 212, 9
Wheel Offset: 212, 16
Wheel Offset: 192, 39
Wheel Offset: 187, 43
Wheel Offset: 184, 45
Wheel Offset: 184, 45
Wheel Offset: 184, 45
Wheel Offset: 183, 46
Wheel Offset: 183, 47
Wheel Offset: 182, 48
Wheel Offset: 181, 48
Wheel Offset: 181, 48
Wheel Offset: 181, 49
Wheel Offset: 181, 49
Wheel Offset: 181, 49
Wheel Offset: 179, 52
Wheel Offset: 179, 52
Wheel Offset: 179, 52
Wheel Offset: 179, 52
Wheel Offset: 179, 52
Wheel Offset: 179, 52
Wheel Offset: 179, 52
Wheel Offset: 178, 52
Wheel Offset: 178, 52
Wheel Offset: 178, 52
Wheel Offset: 175, 52
Wheel Offset: 175, 52
Wheel Offset: 175, 52
Wheel Offset: 175, 52
Wheel Offset: 175, 52
Wheel Offset: 175, 52
Wheel Offset: 175, 52
Wheel Offset: 175, 52
Wheel Offset: 175, 52
Wheel Offset: 175, 52
Wheel Offset: 175, 52
Wheel Offset: 175, 52
Wheel Offset: 175, 52
Wheel Offset: 175, 52
Wheel Offset: 175, 52
Wheel Offset: 175, 52
Wheel Offset: 175, 52
Wheel Offset: 175, 52
Wheel Offset: 175, 52
Wheel Offset: 175, 52
Wheel Offset: 175, 52
Wheel Offset: 165, 55
Wheel Offset: 165, 55
Wheel Offset: 165, 56
Pan Offset: 188, 158
Pan Offset: -41, -7
Pan Offset: -41, -7
Pan Offset: 69, 45
Pan Offset: 0, 0
Pan Offset: -160, -81
Pan Offset: -160, -81
Pan Offset: 85, -40
Pan Offset: 85, -40
Pan Offset: -18, 2
Pan Offset: -18, 2
Pan Offset: -2, 0
Pan Offset: -2, 0
Pan Offset: 41, -4
Pan Offset: 0, 0
Pan Offset: 288, 186
Pan Offset: 288, 186
Pan Offset: -176, -136
Wheel Offset: 0, 0
Wheel Offset: -7, 4
Wheel Offset: -12, 7
Wheel Offset: -12, 7
Wheel Offset: -12, 7
Wheel Offset: -12, 7
Wheel Offset: -12, 7
Wheel Offset: -12, 7
Wheel Offset: -12, 7
Wheel Offset: -12, 7
Wheel Offset: -12, 7
Pan Offset: -176, -136
Pan Offset: 176, 6
Pan Offset: 176, 6
Pan Offset: -2, -10
Wheel Offset: -302, -10
Wheel Offset: -302, -10
Pan Offset: -2, -10
Pan Offset: 276, 94
Pan Offset: 276, 94
Pan Offset: 307, 140
Pan Offset: 307, 140
Pan Offset: 39, -19
Pan Offset: 39, -19
Pan Offset: -198, -26
Pan Offset: 0, 0
Pan Offset: -37, -70
Pan Offset: -37, -70
Pan Offset: 284, -21
Pan Offset: 284, -21
Pan Offset: 115, -28
Pan Offset: 115, -28
Pan Offset: 367, 121
Pan Offset: 367, 121
Pan Offset: -201, -187
Pan Offset: -201, -187
Pan Offset: -32, -64
Wheel Offset: 0, 0
Wheel Offset: 0, 0
Wheel Offset: 0, 6
Wheel Offset: 0, 6
Wheel Offset: 0, 6
Wheel Offset: 0, 6
Wheel Offset: 0, 6
Wheel Offset: 0, 6
Wheel Offset: 0, 6
Wheel Offset: 0, 6
Pan Offset: -32, -64
Pan Offset: 217, 155
Pan Offset: 217, 155
Pan Offset: 47, 20
Pan Offset: 47, 20
Pan Offset: 399, 71
Pan Offset: 399, 71
Pan Offset: 25, 103
Pan Offset: 25, 103
Pan Offset: 531, 88
Pan Offset: 531, 88
Pan Offset: 103, 111
Pan Offset: 103, 111
Pan Offset: 521, 106
Pan Offset: 521, 106
Pan Offset: 85, 95
Pan Offset: 85, 95
Pan Offset: -224, -77
Pan Offset: -224, -77
Pan Offset: 81, 50
Pan Offset: 81, 50
Pan Offset: 97, 129
Pan Offset: 97, 129
Pan Offset: -157, 50
Pan Offset: -157, 50
Pan Offset: -64, 51
Pan Offset: 0, 0
Pan Offset: -10, -2
Pan Offset: -10, -2
Pan Offset: -48, -35
Pan Offset: -48, -35
Pan Offset: -60, 71
Pan Offset: -60, 71
Pan Offset: 19, -43
Pan Offset: 0, 0
Pan Offset: -162, -58
Wheel Offset: 0, 0
Wheel Offset: 1, 2
Wheel Offset: -10, -9
Wheel Offset: -10, -9
Wheel Offset: -10, -9
Pan Offset: -162, -58
Pan Offset: -65, 1
Pan Offset: -65, 1
Pan Offset: 89, 130
Wheel Offset: 374, 127
Wheel Offset: 374, 127
Wheel Offset: 374, 127
Pan Offset: 89, 130
Pan Offset: 491, 132
Wheel Offset: 537, 106
Wheel Offset: 537, 106
Wheel Offset: 537, 106
Pan Offset: 491, 132
Pan Offset: -82.99997, 17
Wheel Offset: 437, 30
Wheel Offset: 438, 31
Pan Offset: -82.99997, 17
Pan Offset: -249, 3
Pan Offset: -249, 3
Pan Offset: -487, -49
Wheel Offset: -83, -8
Wheel Offset: -82, -10
Wheel Offset: -82, -26
Wheel Offset: -82, -26
Pan Offset: 0, 0
Pan Offset: 221, 160
Pan Offset: 221, 160
Pan Offset: 79, 102
Wheel Offset: 0, 0
Wheel Offset: 1, 2
Wheel Offset: 38, 13
Wheel Offset: 38, 13
Wheel Offset: 38, 13
Wheel Offset: 38, 13
Pan Offset: 79, 102
Pan Offset: 214, 132
Pan Offset: 214, 132
Pan Offset: -11.99999, 45
Pan Offset: -11.99999, 45
Pan Offset: -219, -30
Wheel Offset: -253, -107
Wheel Offset: -253, -103
Pan Offset: -219, -30
Pan Offset: -290, -101
Wheel Offset: -89, -141
Wheel Offset: -89, -141
Wheel Offset: -89, -138
Wheel Offset: -89, -138
Wheel Offset: -89, -138
Wheel Offset: -89, -138
Wheel Offset: -89, -138
Pan Offset: -290, -101
Pan Offset: -286, -95
Wheel Offset: -215, -92
Wheel Offset: -215, -92
Wheel Offset: -215, -92
Pan Offset: -286, -95
Pan Offset: -36, 55
Pan Offset: -36, 55
Pan Offset: 314, 177
Wheel Offset: 358, 37
Pan Offset: 314, 177
Pan Offset: 190, 130
Pan Offset: 0, 0
Pan Offset: -42, -17
Pan Offset: -42, -17
Pan Offset: -99, -26
Wheel Offset: 0, 0
Wheel Offset: -3, 2
Wheel Offset: 14, 16
Wheel Offset: 14, 16
Wheel Offset: 14, 16
Wheel Offset: 14, 16
Wheel Offset: 14, 16
Wheel Offset: 4, 18
Wheel Offset: 4, 18
Wheel Offset: 3, 18
Pan Offset: -99, -26
Pan Offset: 124, -224.0001
Wheel Offset: -25, 83
Wheel Offset: -25, 83
Wheel Offset: -25, 81
Wheel Offset: -25, 81
Wheel Offset: -13, -23
Pan Offset: 124, -224.0001
Pan Offset: 356, -435.0001
Wheel Offset: -83, 92
Wheel Offset: -83, 92
Wheel Offset: -83, 92
Wheel Offset: -83, 86
Wheel Offset: -89, 82
Pan Offset: 356, -435.0001
Pan Offset: 656, -752.0001
Pan Offset: 656, -752.0001
Pan Offset: 762, -717.0001
Pan Offset: 762, -717.0001
Pan Offset: 991, -538.0001
Wheel Offset: 344, 58
Pan Offset: 991, -538.0001
Pan Offset: 1384, -729.0001
Wheel Offset: 361, 66
Wheel Offset: 361, 66
Pan Offset: 1384, -729.0001
Pan Offset: 690, -261.0001
Pan Offset: 690, -261.0001
Pan Offset: 517, -250.0001
Wheel Offset: 287, 168
Wheel Offset: 287, 168
Wheel Offset: 287, 168
Wheel Offset: -180, 276
Wheel Offset: -183, 277
Wheel Offset: -175, 245
Wheel Offset: -175, 245
Pan Offset: 517, -250.0001
Pan Offset: 517, -294.0001
Wheel Offset: 144, 88
Pan Offset: 0, 0
Pan Offset: -66, -16
Pan Offset: -66, -16
Pan Offset: -79, 19
Wheel Offset: 0, 0
Wheel Offset: 0, 0
Wheel Offset: 0, 0
Wheel Offset: 0, 0
Wheel Offset: 0, 0
Wheel Offset: 0, 0
Wheel Offset: 0, 0
Wheel Offset: 4, 0
Wheel Offset: 4, 0
Pan Offset: -79, 19
Pan Offset: 245, 84
Pan Offset: 0, 0
Pan Offset: 0, 0
Pan Offset: 0, 0
Pan Offset: -162, -4
Pan Offset: -162, -4
Pan Offset: -103, 22
Wheel Offset: 0, 0
Wheel Offset: 48, 25
Pan Offset: 0, 0
Pan Offset: -24, -2
Pan Offset: 0, 0
Pan Offset: -121, -14
Wheel Offset: 0, 0
Wheel Offset: 0, 0
Wheel Offset: 0, 0
Wheel Offset: 0, 0
Wheel Offset: 0, 0
Wheel Offset: 0, 0
Wheel Offset: 0, 0
Pan Offset: 0, 0
Pan Offset: -92, -23
Pan Offset: 0, 0
Pan Offset: -123, 2
Pan Offset: 0, 0
Pan Offset: -127, -25
Wheel Offset: 0, 0
Wheel Offset: 0, 0
Wheel Offset: 0, 0
Wheel Offset: 0, 0
Wheel Offset: 0, 0
Wheel Offset: 8, 6
Wheel Offset: 8, 6
Wheel Offset: 79, 30
Wheel Offset: 79, 30
Wheel Offset: 79, 30
Wheel Offset: 79, 30
Wheel Offset: 79, 30
Wheel Offset: 79, 30
Wheel Offset: 79, 30
Wheel Offset: 79, 30
Pan Offset: 0, 0
Pan Offset: 236, 157
Wheel Offset: 0, 0
Wheel Offset: 0, 0
Wheel Offset: 0, 0
Wheel Offset: 131, -3
Wheel Offset: 131, -3
Wheel Offset: 154, -100
Wheel Offset: 154, -100
Wheel Offset: 0, 0
Wheel Offset: 0, -4
Wheel Offset: 0, -4
Wheel Offset: 0, -4
Wheel Offset: 0, -1
Wheel Offset: 0, -1
Wheel Offset: -162, -3
Wheel Offset: -162, -3
Wheel Offset: -162, 1
Wheel Offset: -16, 29
Wheel Offset: -16, 30
Wheel Offset: 14, 3
Wheel Offset: 14, 4
Wheel Offset: 14, 4
Wheel Offset: 14, 4
Wheel Offset: 14, 10
Wheel Offset: 14, 10
Wheel Offset: 14, 10
Wheel Offset: 14, 10
Wheel Offset: 14, 10
Wheel Offset: 14, 10
Pan Offset: 0, 0
Pan Offset: 325, 221
Wheel Offset: 36, 44
Wheel Offset: 35, 44
Pan Offset: 325, 221
Pan Offset: -86, -35.99997
Pan Offset: -86, -35.99997
Pan Offset: -329, -129
Wheel Offset: -152, -31
Wheel Offset: -153, -31
Wheel Offset: -108, -37
Wheel Offset: -108, -37
Pan Offset: -329, -129
Pan Offset: -698, -289
Wheel Offset: -222, -73
Pan Offset: -698, -289
Pan Offset: -1151, -447
Wheel Offset: 2, -23
Wheel Offset: 3, -22
Pan Offset: 0, 0
Pan Offset: -142, -11
Wheel Offset: 0, 0
Wheel Offset: 0, 0
Wheel Offset: 0, 0
Wheel Offset: 0, 0
Wheel Offset: 0, 0
Wheel Offset: 0, 0
Wheel Offset: 25, 4
Wheel Offset: 25, 4
Wheel Offset: 25, 4
Wheel Offset: 25, 4
Wheel Offset: -93, 136
Wheel Offset: -84, 136
Wheel Offset: 41, 166
Wheel Offset: 101, 176
Wheel Offset: 162, 100
Pan Offset: 0, 0
Pan Offset: -153, -54
Wheel Offset: -40, 51
Pan Offset: -153, -54
Pan Offset: -246, -54
Wheel Offset: 39, 51
Pan Offset: -246, -54
Pan Offset: -371, -22
Wheel Offset: -6, 87
Wheel Offset: -6, 87
Wheel Offset: -15, 116
Wheel Offset: -108, 159
Pan Offset: -371, -22
Pan Offset: -29, -105.9999
Wheel Offset: 92, 229
Pan Offset: -29, -105.9999
Pan Offset: 502, -255.9999
Wheel Offset: -136, 307
Pan Offset: 502, -255.9999
Pan Offset: 1388, -233.9999
Wheel Offset: -59, 168
Wheel Offset: -59, 168
Wheel Offset: -39, -29
Wheel Offset: -37, -13
Wheel Offset: -34, 43
Pan Offset: 1388, -233.9999
Pan Offset: 2072, -468.9999
Pan Offset: 2072, -468.9999
Pan Offset: 2501, -547.9999
Pan Offset: 2501, -547.9999
Pan Offset: 2980, -679.9999
Pan Offset: 2980, -679.9999
Pan Offset: 3976, -655.9999
Pan Offset: 3976, -655.9999
Pan Offset: 3929, -907.9999
Pan Offset: 3929, -907.9999
Pan Offset: 4120, -645.9999
Pan Offset: 4120, -645.9999
Pan Offset: 4451, -362.9999
Wheel Offset: 0, 0
Wheel Offset: -4, -3
Wheel Offset: -11, -7
Wheel Offset: -12, -8
Wheel Offset: -12, -8
Wheel Offset: -10, -16
Wheel Offset: -10, -16
Wheel Offset: -10, -16
Wheel Offset: -10, -16
Wheel Offset: -10, -16
Wheel Offset: -10, -16
Wheel Offset: 0, 0
Wheel Offset: 1, 3
Wheel Offset: 4, 5
Wheel Offset: 4, 5
Wheel Offset: 4, 5
Wheel Offset: 4, 5
Wheel Offset: 4, 5
Wheel Offset: 4, 5
Wheel Offset: 4, 5
Wheel Offset: 4, 5
Wheel Offset: 112, 42
Wheel Offset: 112, 42
Wheel Offset: 112, 42
Wheel Offset: 0, 0
Wheel Offset: -3, 3
Wheel Offset: -4, 5
Wheel Offset: -9, 8
Wheel Offset: -10, 10
Wheel Offset: -107, -31
Wheel Offset: -107, -31
Wheel Offset: -107, -31
Wheel Offset: 118, -21
Wheel Offset: 118, -21
Wheel Offset: 154, 20
Wheel Offset: 152, 19
Pan Offset: 0, 0
Pan Offset: -178, -26
Wheel Offset: 10, -21
Pan Offset: -178, -26
Pan Offset: -124, -9
Wheel Offset: 31, -4
Wheel Offset: 29, -2
Wheel Offset: 0, 0
Wheel Offset: 0, 0
Wheel Offset: -8, -5
Wheel Offset: -9, -6
Wheel Offset: -9, -6
Wheel Offset: -9, -6
Wheel Offset: -9, -6
Wheel Offset: -9, -6
Wheel Offset: -9, -6
Wheel Offset: 22, 0
Wheel Offset: 22, 0
Wheel Offset: 22, 0
Wheel Offset: 22, 0
Wheel Offset: 30, -1
Wheel Offset: 30, -1
Wheel Offset: 30, -1
Wheel Offset: 30, -1
Wheel Offset: 30, -1
Wheel Offset: 30, -1
Pan Offset: 0, 0
Pan Offset: 166, 197
Wheel Offset: -77, 24
Wheel Offset: -77, 24
Pan Offset: 166, 197
Pan Offset: 21, -135
Wheel Offset: 62, 3
Pan Offset: 21, -135
Pan Offset: -283.0001, -402
Pan Offset: -283.0001, -402
Pan Offset: -443.0001, -404
Wheel Offset: 8, 61
Wheel Offset: 8, 61
Wheel Offset: 8, 61
Wheel Offset: 0, 0
Wheel Offset: -14, 13
Wheel Offset: -18, 20
Wheel Offset: -18, 20
Wheel Offset: -18, 20
Wheel Offset: -18, 20
Wheel Offset: -18, 20
Wheel Offset: -18, 20
Wheel Offset: -7, 24
Wheel Offset: -7, 24
Pan Offset: 0, 0
Pan Offset: -226, -51
Wheel Offset: 5, -21
Wheel Offset: 5, -16
Wheel Offset: 5, -15
Pan Offset: -226, -51
Pan Offset: -244, 131
Pan Offset: -244, 131
Pan Offset: -198, 288
Pan Offset: -198, 288
Pan Offset: 90, 310
Pan Offset: 90, 310
Pan Offset: 253, 81
Pan Offset: 253, 81
Pan Offset: 252, -227
Pan Offset: 252, -227
Pan Offset: 190, -178
Wheel Offset: 103, 78
Wheel Offset: 103, 78
Pan Offset: 190, -178
Pan Offset: 328, -179
Wheel Offset: 0, 0
Wheel Offset: 0, 0
Wheel Offset: 65, 6
Wheel Offset: 68, 6
Wheel Offset: 68, 6
Wheel Offset: 265, 103
Wheel Offset: 265, 103
Pan Offset: 0, 0
Pan Offset: -319, -75
Wheel Offset: 203, 43
Wheel Offset: 203, 43
Pan Offset: -319, -75
Pan Offset: -938, -4
Pan Offset: -938, -4
Pan Offset: -1241, -188
Wheel Offset: 74, 9
Pan Offset: -1241, -188
Pan Offset: -1755, -261
Pan Offset: -1755, -261
Pan Offset: -2258, -404
Pan Offset: -2258, -404
Pan Offset: -2424, -541
Wheel Offset: 66, 25
Pan Offset: -2424, -541
Pan Offset: -3068, -638
Pan Offset: -3068, -638
Pan Offset: -3519, -770
Wheel Offset: 153, -37
Pan Offset: -3519, -770
Pan Offset: -4173, -885
Pan Offset: -4173, -885
Pan Offset: -4610, -933
Pan Offset: -4610, -933
Pan Offset: -5026, -996
Wheel Offset: 155, -12
Pan Offset: -5026, -996
Pan Offset: -5656, -1223
Pan Offset: -5656, -1223
Pan Offset: -5956, -1238
Pan Offset: -5956, -1238
Pan Offset: -6330, -1282
Pan Offset: -6330, -1282
Pan Offset: -6547, -1333
Pan Offset: -6547, -1333
Pan Offset: -6259, -1246
Wheel Offset: 377, 200
Wheel Offset: 377, 201
Wheel Offset: 455, 201
Wheel Offset: 455, 204
Wheel Offset: 455, 204
Wheel Offset: 455, 204
Wheel Offset: 455, 204
Wheel Offset: 455, 204
Wheel Offset: 455, 204
Wheel Offset: 455, 204
Wheel Offset: 455, 204
Wheel Offset: 455, 204
Pan Offset: -6259, -1246
Pan Offset: -5725, -1141
Wheel Offset: 616, 215
Wheel Offset: 615, 215
Wheel Offset: 606, 215
Wheel Offset: 717, 230
Wheel Offset: 717, 230
Pan Offset: -5725, -1141
Pan Offset: -5524, -1108
Wheel Offset: 432, 139
Wheel Offset: 432, 139
Pan Offset: -5524, -1108
Pan Offset: -5817, -1135
Pan Offset: 0, 0
Pan Offset: -179, -36
Pan Offset: 0, 0
Pan Offset: -119, -8
Pan Offset: 0, 0
Pan Offset: -185, -42
Pan Offset: -185, -42
Pan Offset: 87, 84
Pan Offset: 87, 84
Pan Offset: 202, 166
Wheel Offset: 0, 0
Wheel Offset: 0, 0
Wheel Offset: 0, 0
Wheel Offset: 0, 0
Wheel Offset: 0, 0
Wheel Offset: 0, 0
Wheel Offset: 0, 0
Wheel Offset: 0, 0
Wheel Offset: 0, 0
Wheel Offset: 0, 0
Wheel Offset: 0, 0
Wheel Offset: 0, 0
Wheel Offset: 0, 0
Wheel Offset: 0, 0
Wheel Offset: 0, 0
Wheel Offset: 0, 0
Wheel Offset: 0, 0
Wheel Offset: 0, 0
Wheel Offset: 0, 0
Wheel Offset: 0, 0
Wheel Offset: 0, 0
Wheel Offset: 0, 0
Wheel Offset: 0, 0
Wheel Offset: 0, 0
Wheel Offset: 0, 0
Wheel Offset: 0, 0
Wheel Offset: 0, 0
Wheel Offset: 0, 0
Wheel Offset: 0, 0
Wheel Offset: 0, 0
Wheel Offset: 0, 0
Wheel Offset: 0, 0
Wheel Offset: 0, 0
Wheel Offset: 0, 0
Wheel Offset: 0, 0
Wheel Offset: 0, 0
Wheel Offset: 0, 0
Wheel Offset: 0, 0
Wheel Offset: 0, 0
Wheel Offset: 0, 0
Wheel Offset: 0, 0
Wheel Offset: 0, 0
Wheel Offset: 0, 0
Wheel Offset: 0, 0
Wheel Offset: 0, 0
Wheel Offset: 0, 0
Wheel Offset: 0, 0
Wheel Offset: 0, 0
Wheel Offset: 0, 0
Wheel Offset: 0, 0
Wheel Offset: 0, 0
Wheel Offset: 0, 0
Wheel Offset: 0, 0
Wheel Offset: 358, 25
Wheel Offset: 358, 25
Wheel Offset: 358, 25
Wheel Offset: 556, 55
Wheel Offset: 556, 55
Wheel Offset: 556, 55
Wheel Offset: 556, 56
Wheel Offset: 556, 56
Wheel Offset: 556, 56
Wheel Offset: 556, 56
Wheel Offset: 556, 56
Wheel Offset: 556, 56
Wheel Offset: 556, 56
Wheel Offset: 454, 41
Wheel Offset: 426, 38
Wheel Offset: 404, 37
Wheel Offset: 372, 35
Wheel Offset: 372, 35
Wheel Offset: 372, 35
Wheel Offset: 372, 35
Wheel Offset: 372, 35
Wheel Offset: 372, 35
Wheel Offset: 372, 35
Wheel Offset: 372, 35
Wheel Offset: 372, 35
Wheel Offset: 372, 35
Wheel Offset: 372, 35
Wheel Offset: 372, 35
Wheel Offset: 372, 35
Wheel Offset: 372, 35
Wheel Offset: 372, 35
Wheel Offset: 372, 35
Wheel Offset: 372, 35
Wheel Offset: 372, 35
Wheel Offset: 372, 35
Wheel Offset: 372, 35
Wheel Offset: 372, 35
Wheel Offset: 372, 35
Wheel Offset: 372, 35
Wheel Offset: 208, -90
Wheel Offset: 208, -90
Wheel Offset: -187, -123
Wheel Offset: -187, -122
Wheel Offset: -192, -118
Wheel Offset: -199, -112
Wheel Offset: -199, -112
Wheel Offset: -199, -112
Wheel Offset: -199, -112
Wheel Offset: -199, -112
Wheel Offset: -199, -112
Wheel Offset: -199, -112
Wheel Offset: -199, -112
Wheel Offset: -212, -105
Wheel Offset: -214, -104
Wheel Offset: -215, -104
Wheel Offset: -215, -104
Wheel Offset: -215, -104
Wheel Offset: -215, -104
Wheel Offset: -215, -104
Wheel Offset: -215, -104
Wheel Offset: -215, -104
Wheel Offset: -215, -104
Wheel Offset: -215, -104
Wheel Offset: -215, -104
Wheel Offset: -215, -104
Wheel Offset: -215, -104
Wheel Offset: -215, -104
Wheel Offset: -215, -104
Wheel Offset: -215, -104
Wheel Offset: -215, -104
Wheel Offset: -215, -104
Wheel Offset: -215, -104
Wheel Offset: -215, -104
Wheel Offset: -215, -104
Wheel Offset: -215, -104
Wheel Offset: -215, -104
Wheel Offset: -215, -104
Wheel Offset: -215, -104
Wheel Offset: -215, -104
Wheel Offset: -215, -104
Wheel Offset: -215, -104
Wheel Offset: -215, -104
Wheel Offset: -215, -104
Wheel Offset: -215, -104
Wheel Offset: -215, -104
Wheel Offset: -215, -104
Wheel Offset: -215, -104
Wheel Offset: -215, -104
Wheel Offset: -215, -104
Wheel Offset: -215, -104
Wheel Offset: -215, -104
Wheel Offset: -215, -104
Wheel Offset: -215, -104
Wheel Offset: -215, -104
Wheel Offset: -215, -104
Wheel Offset: -215, -104
Wheel Offset: -215, -104
Wheel Offset: -215, -104
Wheel Offset: -215, -104
Wheel Offset: -215, -104
Wheel Offset: -215, -104
Wheel Offset: -215, -104
Wheel Offset: -215, -104
Wheel Offset: -215, -104
Pan Offset: 202, 166
Pan Offset: -58, 28
Wheel Offset: -324, -208
Wheel Offset: -324, -206
Wheel Offset: -138, -49
Wheel Offset: -138, -49
Wheel Offset: -138, -49
Pan Offset: -58, 28
Pan Offset: -342, 86
Wheel Offset: -278, -136
Wheel Offset: -278, -136
Wheel Offset: -278, -136
Wheel Offset: -278, -135
Wheel Offset: -278, -135
Wheel Offset: -278, -135
Pan Offset: -342, 86
Pan Offset: -361, -128
Pan Offset: -361, -128
Pan Offset: -342, 48.99998
Wheel Offset: -427, -100
Wheel Offset: -427, -100
Wheel Offset: -427, -100
Wheel Offset: -427, -101
Wheel Offset: -427, -101
Wheel Offset: -427, -101
Wheel Offset: -427, -101
Wheel Offset: -427, -101
Wheel Offset: -427, -101
Wheel Offset: -426, -102
Wheel Offset: -426, -102
Wheel Offset: -426, -102
Wheel Offset: -426, -102
Wheel Offset: -426, -102
Wheel Offset: -426, -102
Wheel Offset: -426, -102
Wheel Offset: -426, -102
Wheel Offset: -426, -102
Wheel Offset: -426, -102
Wheel Offset: -426, -102
Wheel Offset: -426, -102
Wheel Offset: -426, -102
Wheel Offset: -426, -102
Wheel Offset: -426, -102
Wheel Offset: -426, -102
Wheel Offset: -426, -102
Wheel Offset: -426, -102
Wheel Offset: -426, -102
Wheel Offset: -426, -102
Wheel Offset: -426, -102
Wheel Offset: -426, -102
Wheel Offset: -426, -102
Wheel Offset: -426, -102
Wheel Offset: -426, -102
Wheel Offset: -426, -102
Wheel Offset: -426, -102
Wheel Offset: -426, -103
Wheel Offset: -426, -103
Wheel Offset: -426, -103
Wheel Offset: -426, -103
Wheel Offset: -426, -103
Wheel Offset: -426, -103
Wheel Offset: -426, -103
Wheel Offset: -426, -103
Wheel Offset: -426, -103
Wheel Offset: -268, -74
Wheel Offset: -268, -74
Pan Offset: -342, 48.99998
Pan Offset: -643, -151
Wheel Offset: -328, -215
Wheel Offset: -328, -215
Wheel Offset: -328, -215
Wheel Offset: -405, -227
Wheel Offset: -408, -227
Wheel Offset: -347, -221
Wheel Offset: -347, -221
Wheel Offset: -347, -221
Pan Offset: -643, -151
Pan Offset: -331, 102
Wheel Offset: -383, -224
Wheel Offset: -383, -224
Wheel Offset: -383, -224
Wheel Offset: -313, -225
Pan Offset: -331, 102
Pan Offset: -196, 348
Wheel Offset: -180, -83
Wheel Offset: -180, -83
Wheel Offset: -180, -83
Pan Offset: -196, 348
Pan Offset: 143, 111
Wheel Offset: -300, -207
Wheel Offset: -303, -201
Pan Offset: 143, 111
Pan Offset: 135, -56
Wheel Offset: -297, -207
Wheel Offset: -297, -207
Wheel Offset: -243, -66
Wheel Offset: -243, -66
Wheel Offset: -243, -66
Wheel Offset: -243, -66
Wheel Offset: -243, -66
Wheel Offset: -243, -66
Pan Offset: 135, -56
Pan Offset: 179, 242
Pan Offset: 0, 0
Pan Offset: -94, -1
Wheel Offset: 0, 0
Wheel Offset: 0, 0
Wheel Offset: 0, 0
Wheel Offset: 52, 38
Wheel Offset: 52, 38
Wheel Offset: 52, 38
Wheel Offset: 52, 38
Wheel Offset: 52, 38
Wheel Offset: 52, 38
Pan Offset: -94, -1
Pan Offset: -212, 89
Wheel Offset: -44, -91
Wheel Offset: -44, -91
Wheel Offset: -44, -91
Wheel Offset: -44, -91
Wheel Offset: -42, -90
Wheel Offset: -42, -90
Wheel Offset: -42, -90
Wheel Offset: -41, -90
Wheel Offset: -41, -90
Wheel Offset: -41, -90
Wheel Offset: -40, -90
Wheel Offset: -40, -90
Wheel Offset: -40, -90
Wheel Offset: -40, -90
Wheel Offset: -40, -90
Wheel Offset: -40, -90
Pan Offset: -212, 89
Pan Offset: -181, 104
Wheel Offset: -9, -17
Wheel Offset: -9, -17
Wheel Offset: -9, -17
Wheel Offset: -9, -17
Wheel Offset: -9, -17
Wheel Offset: -9, -17
Pan Offset: -181, 104
Pan Offset: 52, 15
Pan Offset: 52, 15
Pan Offset: 38, -98
Wheel Offset: 23, -48
Wheel Offset: 23, -48
Pan Offset: 38, -98
Pan Offset: -76, -163
Wheel Offset: -60, 57
Wheel Offset: -54, 65
Wheel Offset: -51, 72
Wheel Offset: 19, 86
Wheel Offset: 19, 86
Wheel Offset: 19, 86
Pan Offset: -76, -163
Pan Offset: -360.0001, -47
Wheel Offset: -12, 59
Wheel Offset: -12, 59
Wheel Offset: -12, 59
Wheel Offset: -144, 24
Wheel Offset: -144, 24
Wheel Offset: -144, 24
Wheel Offset: -7, -107
Wheel Offset: -7, -105
Wheel Offset: -7, -104
Pan Offset: -360.0001, -47
Pan Offset: -634.0001, 184
Pan Offset: -634.0001, 184
Pan Offset: -856.0001, 353
Pan Offset: 0, 0
Pan Offset: -67, -1
Pan Offset: 0, 0
Pan Offset: -78, -1
Wheel Offset: 0, 0
Wheel Offset: 0, 0
Wheel Offset: 0, 23
Wheel Offset: 0, 23
Wheel Offset: 0, 23
Wheel Offset: 0, 23
Wheel Offset: 0, 23
Wheel Offset: 21, 88
Wheel Offset: 145, -93
Wheel Offset: 153, -91
Wheel Offset: 154, -91
Pan Offset: -78, -1
Pan Offset: -298, 131
Wheel Offset: -77, 52
Wheel Offset: -77, 52
Wheel Offset: -77, 52
Pan Offset: -298, 131
Pan Offset: -497, 236
Wheel Offset: -34, 26
Pan Offset: -497, 236
Pan Offset: -303, 103
Pan Offset: -303, 103
Pan Offset: -329, 190
Pan Offset: 0, 0
Pan Offset: -127, -15
Pan Offset: 0, 0
Pan Offset: -89, -8
Pan Offset: 0, 0
Pan Offset: -106, 20
Pan Offset: 0, 0
Pan Offset: -141, -24
Pan Offset: 0, 0
Pan Offset: -119, -13
Pan Offset: 0, 0
Pan Offset: -126, -29
Pan Offset: 0, 0
Pan Offset: -129, -35
Pan Offset: 0, 0
Pan Offset: -114, -6
Pan Offset: 0, 0
Pan Offset: -134, -26
Wheel Offset: 0, 0
Wheel Offset: 0, 0
Pan Offset: 0, 0
Pan Offset: -136, -21
Wheel Offset: -96, -49
Wheel Offset: -101, -45
Wheel Offset: -112, -34
Wheel Offset: -115, -29
Wheel Offset: -115, -29
Wheel Offset: -163, -59
Wheel Offset: -163, -59
Wheel Offset: -163, -59
Pan Offset: -136, -21
Pan Offset: -59, 14
Wheel Offset: -124, 33
Wheel Offset: -125, 34
Wheel Offset: -130, 38
Wheel Offset: 0, 0
Wheel Offset: 0, 1
Wheel Offset: 1, 12
Wheel Offset: 1, 12
Wheel Offset: 57, -3
Wheel Offset: 57, -3
Wheel Offset: 56, -3
Wheel Offset: 56, -3
Wheel Offset: 56, -3
Pan Offset: 0, 0
Pan Offset: 155, 192
Wheel Offset: 76, 36
Wheel Offset: 76, 36
Wheel Offset: 0, 0
Wheel Offset: 0, 1
Wheel Offset: 0, 1
Wheel Offset: 0, 0
Wheel Offset: 0, 0
Wheel Offset: 0, 0
Wheel Offset: 0, 0
Wheel Offset: 0, 0
Pan Offset: 0, 0
Pan Offset: -152, -13
Pan Offset: 0, 0
Pan Offset: 290, 169
Pan Offset: 0, 0
Pan Offset: 361, 168
Pan Offset: 361, 168
Pan Offset: 322, 170
Wheel Offset: 0, 0
Wheel Offset: -20, 19
Wheel Offset: -30, 29
Pan Offset: 0, 0
Pan Offset: 331, 189
Pan Offset: 0, 0
Pan Offset: -134, -11
Wheel Offset: 0, 0
Wheel Offset: 0, 0
Wheel Offset: 0, 4
Wheel Offset: 0, 4
Wheel Offset: 0, 4
Wheel Offset: 0, 4
Wheel Offset: 0, 4
Wheel Offset: 0, 4
Wheel Offset: 0, 4
Wheel Offset: 0, 4
Wheel Offset: 0, 0
Wheel Offset: 0, 1
Wheel Offset: 0, 3
Wheel Offset: 0, 3
Wheel Offset: 0, 3
Wheel Offset: 0, 3
Wheel Offset: 0, 3
Wheel Offset: 0, 3
Wheel Offset: 0, 3
Wheel Offset: 0, 3
Wheel Offset: 0, 3
Wheel Offset: 0, 3
Pan Offset: 0, 0
Pan Offset: 208, 311
Wheel Offset: -36, 58
Wheel Offset: -36, 58
Pan Offset: 208, 311
Pan Offset: -67, 6
Pan Offset: -67, 6
Pan Offset: -116, -189
Wheel Offset: -22, 7
Wheel Offset: -22, 7
Wheel Offset: 70, 51
Wheel Offset: 70, 51
Wheel Offset: 70, 51
Pan Offset: 0, 0
Pan Offset: -154, -10
Wheel Offset: 0, 0
Wheel Offset: 3, 0
Wheel Offset: 3, 0
Wheel Offset: 3, 0
Pan Offset: -154, -10
Pan Offset: -339.9999, 161
Wheel Offset: 157, -65
Wheel Offset: 157, -65
Wheel Offset: 31, 97
Pan Offset: -339.9999, 161
Pan Offset: -153.9999, -25
Wheel Offset: 157, 19
Pan Offset: -153.9999, -25
Pan Offset: -380.9999, 146
Wheel Offset: 15, 79
Wheel Offset: 15, 79
Pan Offset: -380.9999, 146
Pan Offset: -632.9999, 305
Wheel Offset: 230, -4
Wheel Offset: 230, -4
Pan Offset: -632.9999, 305
Pan Offset: -953.9999, 599
Pan Offset: -953.9999, 599
Pan Offset: -1129, 685
Wheel Offset: -14, -2
Pan Offset: -1129, 685
Pan Offset: -1529, 939
Pan Offset: -1529, 939
Pan Offset: -1873, 1144
Wheel Offset: 120, 6
Pan Offset: -1873, 1144
Pan Offset: -2285, 1455
Wheel Offset: 87, -99
Pan Offset: -2285, 1455
Pan Offset: -1930, 1190
Wheel Offset: 95, 17
Wheel Offset: 95, 17
Wheel Offset: 95, 17
Pan Offset: -1930, 1190
Pan Offset: -1572, 817
Pan Offset: 0, 0
Pan Offset: -87, 55
Wheel Offset: 0, 0
Wheel Offset: 0, 0
Wheel Offset: 0, 0
Wheel Offset: 0, 0
Pan Offset: -87, 55
Pan Offset: -301.9999, 167
Wheel Offset: -187, 66
Wheel Offset: -187, 66
Pan Offset: -301.9999, 167
Pan Offset: 11.00006, 74
Wheel Offset: -75, 86
Wheel Offset: -75, 86
Pan Offset: 0, 0
Pan Offset: -165, -5
Wheel Offset: 0, 0
Wheel Offset: 1, 0
Pan Offset: -165, -5
Pan Offset: -3, 86
Wheel Offset: 78, 52
Wheel Offset: 77, 51
Wheel Offset: -36, 18
Wheel Offset: -36, 18
Pan Offset: -3, 86
Pan Offset: -202, 9
Wheel Offset: -139, -14
Pan Offset: -202, 9
Pan Offset: -135, 49
Wheel Offset: 0, 0
Wheel Offset: -1, 0
Wheel Offset: -1, 0
Wheel Offset: -7, 5
Wheel Offset: -7, 5
Wheel Offset: -7, 5
Wheel Offset: -7, 5
Wheel Offset: -8, 6
Wheel Offset: -10, 7
Wheel Offset: -10, 7
Wheel Offset: -10, 7
Wheel Offset: -10, 7
Wheel Offset: -10, 8
Wheel Offset: -10, 8
Wheel Offset: -11, 8
Wheel Offset: -11, 8
Wheel Offset: -11, 8
Wheel Offset: -11, 9
Wheel Offset: -12, 9
Wheel Offset: -12, 9
Wheel Offset: -12, 9
Wheel Offset: 23, 46
Wheel Offset: 23, 46
Wheel Offset: 23, 46
Wheel Offset: 23, 48
Wheel Offset: 23, 48
Wheel Offset: 23, 48
Wheel Offset: 23, 48
Wheel Offset: 18, 51
Wheel Offset: 18, 51
Wheel Offset: 18, 51
Wheel Offset: 18, 51
Pan Offset: 0, 0
Pan Offset: 211, 362
Wheel Offset: 1, 87
Wheel Offset: 1, 87
Wheel Offset: 1, 87
Wheel Offset: -49, 50
Wheel Offset: -49, 50
Wheel Offset: -49, 50
Wheel Offset: -48, 50
Wheel Offset: -48, 50
Wheel Offset: -48, 50
Wheel Offset: -48, 50
Wheel Offset: -48, 50
Wheel Offset: -47, 50
Wheel Offset: -47, 50
Wheel Offset: -47, 50
Wheel Offset: -47, 50
Wheel Offset: -47, 50
Wheel Offset: -47, 50
Wheel Offset: -47, 50
Wheel Offset: -47, 50
Wheel Offset: -36, 48
Wheel Offset: -30, 48
Wheel Offset: -29, 48
Wheel Offset: 17, 45
Wheel Offset: 17, 45
Wheel Offset: 17, 45
Wheel Offset: 17, 45
Wheel Offset: 27, -78
Wheel Offset: 18, -69
Wheel Offset: 17, -45
Wheel Offset: 20, -28
Wheel Offset: 21, -11
Wheel Offset: 21, -10
Wheel Offset: 21, -10
Wheel Offset: 21, -10
Wheel Offset: 21, -10
Wheel Offset: 21, -10
Wheel Offset: 21, -10
Wheel Offset: 21, -11
Wheel Offset: 45, -52
Wheel Offset: 43, -49
Wheel Offset: 43, -49
Wheel Offset: 43, -49
Pan Offset: 0, 0
Pan Offset: -141, -6
Wheel Offset: 0, 0
Wheel Offset: 0, 0
Wheel Offset: 0, 0
Wheel Offset: 0, 0
Wheel Offset: 0, 0
Wheel Offset: 0, 0
Wheel Offset: 0, 0
Wheel Offset: 0, 0
Wheel Offset: 0, 0
Wheel Offset: 0, 0
Wheel Offset: 0, 0
Wheel Offset: 0, 0
Wheel Offset: 0, 0
Wheel Offset: 0, 0
Wheel Offset: 0, 0
Wheel Offset: -1, 1
Wheel Offset: -1, 1
Wheel Offset: -1, 1
Wheel Offset: -1, 1
Wheel Offset: -1, 1
Wheel Offset: -3, 3
Wheel Offset: -4, 3
Wheel Offset: -4, 3
Wheel Offset: -4, 3
Wheel Offset: -4, 3
Pan Offset: 0, 0
Pan Offset: -146, 26
Wheel Offset: -36, 13
Wheel Offset: -36, 13
Wheel Offset: -36, 13
Wheel Offset: -36, 13
Wheel Offset: -36, 13
Wheel Offset: -36, 13
Wheel Offset: -36, 13
Pan Offset: -146, 26
Pan Offset: -281, 78
Wheel Offset: -14, -5
Wheel Offset: -14, -5
Wheel Offset: -14, -5
Pan Offset: -281, 78
Pan Offset: -100, 288
Wheel Offset: 86, 173
Wheel Offset: 86, 173
Wheel Offset: 63, 150
Wheel Offset: 56, 146
Wheel Offset: 48, 138
Wheel Offset: 0, 0
Wheel Offset: 0, 1
Wheel Offset: 0, 1
Wheel Offset: -2, 2
Wheel Offset: -2, 3
Wheel Offset: -2, 3
Wheel Offset: -2, 3
Wheel Offset: -4, 3
Wheel Offset: -4, 3
Wheel Offset: -4, 3
Pan Offset: 0, 0
Pan Offset: -242, 177
Wheel Offset: -184, 104
Wheel Offset: -184, 104
Wheel Offset: -184, 104
Wheel Offset: -184, 104
Wheel Offset: -184, 104
Wheel Offset: -184, 104
Wheel Offset: -181, 102
Pan Offset: -242, 177
Pan Offset: -497, 138
Wheel Offset: -97, 35
Wheel Offset: -97, 37
Pan Offset: -497, 138
Pan Offset: -241, 80
Wheel Offset: -69, 20
Wheel Offset: -70, 21
Wheel Offset: -73, 24
Wheel Offset: -77, 29
Wheel Offset: -77, 30
Pan Offset: -241, 80
Pan Offset: 88.00003, 70
Wheel Offset: 4, 28
Wheel Offset: 4, 28
Wheel Offset: 2, 28
Wheel Offset: 2, 28
Wheel Offset: 2, 28
Wheel Offset: 0, 0
Wheel Offset: 0, 0
Wheel Offset: 0, 0
Wheel Offset: 0, 1
Wheel Offset: -5, 6
Wheel Offset: -5, 7
Wheel Offset: -5, 7
Wheel Offset: -8, 13
Wheel Offset: -10, 13
Wheel Offset: -10, 13
Wheel Offset: -10, 14
Pan Offset: 0, 0
Pan Offset: -276, 137
Wheel Offset: -88, 9
Wheel Offset: -88, 9
Wheel Offset: -94, 17
Wheel Offset: -95, 18
Wheel Offset: -95, 18
Wheel Offset: -95, 18
Wheel Offset: -96, 18
Wheel Offset: -96, 18
Pan Offset: -276, 137
Pan Offset: -486, 171
Wheel Offset: -76, -8
Wheel Offset: -78, -5
Wheel Offset: -85, 1
Wheel Offset: -89, 6
Wheel Offset: -90, 7
Pan Offset: 0, 0
Pan Offset: -108, -18
Wheel Offset: 0, 0
Wheel Offset: -1, 0
Wheel Offset: -1, 2
Wheel Offset: -3, 3
Wheel Offset: -7, 6
Wheel Offset: 0, 0
Wheel Offset: 0, 0
Wheel Offset: 0, 0
Wheel Offset: 41, 31
Wheel Offset: 41, 31
Wheel Offset: 63, 34
Wheel Offset: 63, 34
Wheel Offset: 63, 34
Wheel Offset: 63, 35
Wheel Offset: 63, 35
Pan Offset: 0, 0
Pan Offset: -198, -6
Wheel Offset: -29, 19
Wheel Offset: -29, 19
Wheel Offset: -29, 19
Wheel Offset: 65, 43
Wheel Offset: 65, 43
Wheel Offset: 65, 44
Pan Offset: -198, -6
Pan Offset: -431, -217
Pan Offset: -431, -217
Pan Offset: -680, -439
Pan Offset: -680, -439
Pan Offset: -1051, -684
Pan Offset: -1051, -684
Pan Offset: -1209, -744
Wheel Offset: -78, 18
Wheel Offset: -78, 18
Wheel Offset: -78, 18
Pan Offset: -1209, -744
Pan Offset: -1544, -936
Pan Offset: -1544, -936
Pan Offset: -1815, -1123
Pan Offset: -1815, -1123
Pan Offset: -2103, -1335
Pan Offset: -2103, -1335
Pan Offset: -2445, -1602
Pan Offset: -2445, -1602
Pan Offset: -2699, -1685
Wheel Offset: 60, -49
Wheel Offset: 60, -49
Wheel Offset: 71, -37
Wheel Offset: 71, -36
Wheel Offset: 27, -28
Wheel Offset: 26, -28
Wheel Offset: 7, -27
Wheel Offset: -27, -21
Wheel Offset: -27, -21
Wheel Offset: -27, -20
Wheel Offset: -30, -19
Wheel Offset: -30, -19
Wheel Offset: -30, -19
Wheel Offset: -30, -19
Wheel Offset: -33, -16
Wheel Offset: -33, -16
Wheel Offset: -33, -16
Pan Offset: -2699, -1685
Pan Offset: -2488, -1677
Wheel Offset: -83, -13
Wheel Offset: -83, -12
Pan Offset: -2488, -1677
Pan Offset: -2237, -1706
Pan Offset: -2237, -1706
Pan Offset: -2101, -1755
Pan Offset: -2101, -1755
Pan Offset: -1906, -1611
Pan Offset: 0, 0
Pan Offset: -122, 7
Wheel Offset: 0, 0
Wheel Offset: 0, 0
Wheel Offset: 14, 3
Wheel Offset: 14, 3
Wheel Offset: 108, 141
Wheel Offset: 108, 141
Wheel Offset: 146, 132
Pan Offset: -122, 7
Pan Offset: -457, -85
Wheel Offset: 4, 118
Wheel Offset: 4, 118
Wheel Offset: 14, 120
Wheel Offset: 17, 121
Wheel Offset: 55, 127
Pan Offset: -457, -85
Pan Offset: -175, -28
Wheel Offset: -61, -2
Wheel Offset: 96, 60
Wheel Offset: 136, 79
Wheel Offset: 120, 74
Wheel Offset: 104, 69
Wheel Offset: 148, 86
Wheel Offset: 148, 86
Wheel Offset: 148, 86
Wheel Offset: 121, 80
Wheel Offset: 121, 80
Wheel Offset: 121, 80
Wheel Offset: 121, 80
Wheel Offset: 121, 80
Wheel Offset: 121, 80
Wheel Offset: 96, 41
Wheel Offset: 96, 44
Wheel Offset: 154, 82
Wheel Offset: 153, 80
Wheel Offset: 153, 80
Wheel Offset: 153, 80
Wheel Offset: 153, 80
Wheel Offset: 153, 80
Wheel Offset: 153, 8
Wheel Offset: 153, 6
Wheel Offset: 151, 4
Wheel Offset: 172, -107
Wheel Offset: 172, -107
Wheel Offset: 175, -96
Wheel Offset: 183, 66
Wheel Offset: 182, 63
Wheel Offset: 180, 58
Wheel Offset: 127, 74
Wheel Offset: 127, 74
Wheel Offset: 0, 0
Wheel Offset: -55, 14
Wheel Offset: 43, 2
Wheel Offset: 41, 5
Pan Offset: 0, 0
Pan Offset: -428, -317
Pan Offset: -428, -317
Pan Offset: -636, -400
Wheel Offset: 5, -22
Wheel Offset: -37, -26
Pan Offset: -636, -400
Pan Offset: -294, -190
Wheel Offset: -193, -43
Wheel Offset: -193, -44
Wheel Offset: -18, 2
Wheel Offset: -18, 2
Wheel Offset: -18, 3
Wheel Offset: 40, 23
Wheel Offset: 40, 23
Wheel Offset: 40, 24
Wheel Offset: 40, 24
Pan Offset: -294, -190
Pan Offset: -53, -91
Wheel Offset: 2, -10
Wheel Offset: 2, -10
Wheel Offset: 2, -10
Pan Offset: -53, -91
Pan Offset: -425, -182
Wheel Offset: -26, -11
Wheel Offset: -26, -11
Pan Offset: -425, -182
Pan Offset: -122, -130
Pan Offset: -122, -130
Pan Offset: -134, -91
Pan Offset: -134, -91
Pan Offset: 282, 46
Pan Offset: 0, 0
Pan Offset: 387, 155
Wheel Offset: 0, 0
Wheel Offset: 0, 0
Wheel Offset: 216, 72
Wheel Offset: 195, 68
Wheel Offset: 195, 68
Wheel Offset: 195, 68
Wheel Offset: 195, 68
Wheel Offset: 195, 68
Wheel Offset: 188, 65
Wheel Offset: 188, 65
Wheel Offset: 188, 65
Wheel Offset: 188, 65
Wheel Offset: 186, 64
Wheel Offset: 185, 64
Wheel Offset: 185, 64
Wheel Offset: 184, 64
Wheel Offset: 184, 64
Wheel Offset: 165, 58
Wheel Offset: 165, 58
Wheel Offset: 165, 58
Wheel Offset: 165, 58
Wheel Offset: 164, 58
Wheel Offset: 164, 58
Wheel Offset: 164, 58
Wheel Offset: 164, 58
Wheel Offset: 164, 58
Wheel Offset: 164, 58
Wheel Offset: 164, 58
Wheel Offset: 164, 56
Wheel Offset: 164, 56
Wheel Offset: 163, 56
Wheel Offset: 162, 56
Wheel Offset: 161, 56
Wheel Offset: 160, 55
Pan Offset: 387, 155
Pan Offset: -50, -86
Pan Offset: -50, -86
Pan Offset: -316, -149
Wheel Offset: -172, -25
Wheel Offset: -172, -25
Wheel Offset: -174, -26
Wheel Offset: -174, -26
Wheel Offset: -174, -26
Wheel Offset: -174, -26
Wheel Offset: -359, -74
Pan Offset: -316, -149
Pan Offset: 130, 1
Pan Offset: 130, 1
Pan Offset: 182, 68
Wheel Offset: 0, 0
Wheel Offset: 0, 0
Wheel Offset: 0, 0
Wheel Offset: 0, 0
Wheel Offset: 0, 0
Wheel Offset: 0, 0
Wheel Offset: 0, 0
Wheel Offset: -123, -75
Wheel Offset: -123, -75
Wheel Offset: 20, -12
Wheel Offset: 20, -12
Wheel Offset: 20, -12
Wheel Offset: 20, -11
Wheel Offset: 20, -11
Wheel Offset: 20, -11
Pan Offset: 0, 0
Pan Offset: 73, 99
Wheel Offset: -64, -16
Wheel Offset: -64, -16
Pan Offset: 73, 99
Pan Offset: -140, -65
Wheel Offset: -55, 3
Wheel Offset: -55, 3
Pan Offset: -140, -65
Pan Offset: -286, -52
Pan Offset: -286, -52
Pan Offset: -578, -192
Pan Offset: -578, -192
Pan Offset: -862, -413
Pan Offset: -862, -413
Pan Offset: -1018, -420
Wheel Offset: -143, 18
Wheel Offset: -143, 18
Wheel Offset: -143, 18
Pan Offset: -1018, -420
Pan Offset: -1579, -733
Pan Offset: -1579, -733
Pan Offset: -2170, -1009
Wheel Offset: 447, 278
Wheel Offset: 447, 278
Pan Offset: -2170, -1009
Pan Offset: -1342, -779
Pan Offset: -1342, -779
Pan Offset: -649, -439
Pan Offset: -649, -439
Pan Offset: -209, -193
Pan Offset: 0, 0
Pan Offset: 451, 172
Wheel Offset: 0, 0
Wheel Offset: -1, 0
Wheel Offset: -1, 0
Wheel Offset: -1, 0
Wheel Offset: -1, 0
Wheel Offset: -3, -3
Wheel Offset: -3, -3
Wheel Offset: -3, -3
Wheel Offset: -3, -3
Wheel Offset: -3, -3
Wheel Offset: -3, -3
Wheel Offset: -3, -3
Wheel Offset: -3, -3
Pan Offset: 0, 0
Pan Offset: -153, -19
Wheel Offset: 0, 0
Wheel Offset: 0, 0
Wheel Offset: 99, 30
Wheel Offset: 99, 30
Wheel Offset: 99, 30
Wheel Offset: 99, 30
Wheel Offset: 99, 30
Wheel Offset: 99, 30
Wheel Offset: 99, 30
Wheel Offset: 99, 30
Wheel Offset: -56, -11
Wheel Offset: -56, -11
Wheel Offset: -56, -11
Wheel Offset: -56, -11
Wheel Offset: -56, -11
Wheel Offset: -56, -11
Wheel Offset: -56, -11
Wheel Offset: -56, -11
Wheel Offset: -56, -11
Wheel Offset: -56, -11
Wheel Offset: -56, -11
Wheel Offset: -56, -11
Wheel Offset: -56, -11
Wheel Offset: -56, -11
Wheel Offset: -56, -11
Wheel Offset: -56, -11
Wheel Offset: -56, -11
Wheel Offset: -56, -12
Wheel Offset: -56, -12
Wheel Offset: -56, -12
Wheel Offset: -57, -12
Wheel Offset: -57, -12
Wheel Offset: -57, -12
Wheel Offset: -57, -12
Wheel Offset: -58, -13
Wheel Offset: -60, -14
Wheel Offset: -60, -14
Wheel Offset: -60, -14
Wheel Offset: -60, -14
Wheel Offset: -60, -14
Wheel Offset: -61, -14
Wheel Offset: -61, -14
Wheel Offset: -62, -15
Wheel Offset: -62, -15
Wheel Offset: -62, -15
Wheel Offset: -62, -15
Wheel Offset: -62, -15
Wheel Offset: -62, -15
Wheel Offset: -62, -15
Wheel Offset: -63, -15
Wheel Offset: -63, -15
Wheel Offset: -63, -15
Wheel Offset: -64, -15
Wheel Offset: -64, -15
Wheel Offset: -64, -15
Wheel Offset: -65, -16
Wheel Offset: -65, -16
Wheel Offset: -65, -16
Wheel Offset: -66, -16
Wheel Offset: -66, -16
Wheel Offset: -66, -16
Wheel Offset: -66, -16
Wheel Offset: -66, -16
Wheel Offset: -66, -17
Wheel Offset: -66, -17
Wheel Offset: -66, -17
Wheel Offset: -66, -17
Wheel Offset: -66, -17
Wheel Offset: -66, -17
Wheel Offset: -66, -17
Wheel Offset: -66, -17
Wheel Offset: -66, -17
Pan Offset: -153, -19
Pan Offset: -626, -216
Pan Offset: -626, -216
Pan Offset: -739, -99
Pan Offset: 0, 0
Pan Offset: -163, 81
Wheel Offset: 0, 0
Wheel Offset: 0, 0
Pan Offset: -163, 81
Pan Offset: -325, -58
Wheel Offset: 15, -18
Wheel Offset: 15, -18
Wheel Offset: 15, -18
Pan Offset: -325, -58
Pan Offset: -641, -330
Wheel Offset: 138, -31
Wheel Offset: 138, -31
Wheel Offset: 138, -31
Wheel Offset: 137, -29
Pan Offset: -641, -330
Pan Offset: -134, 49
Pan Offset: -134, 49
Pan Offset: 41, 103
Wheel Offset: 58, 57
Wheel Offset: 58, 57
Wheel Offset: 58, 57
Wheel Offset: 58, 57
Wheel Offset: 58, 57
Wheel Offset: 58, 57
Wheel Offset: 58, 57
Wheel Offset: 58, 57
Wheel Offset: 58, 57
Wheel Offset: 58, 57
Wheel Offset: 58, 57
Wheel Offset: 58, 57
Wheel Offset: 58, 57
Wheel Offset: 58, 57
Wheel Offset: 58, 57
Wheel Offset: 49, 56
Wheel Offset: 47, 50
Wheel Offset: 47, 50
Wheel Offset: 47, 50
Wheel Offset: 47, 50
Wheel Offset: 47, 50
Wheel Offset: 47, 50
Wheel Offset: 47, 50
Wheel Offset: 39, 45
Wheel Offset: 39, 45
Wheel Offset: 39, 45
Wheel Offset: 0, 0
Wheel Offset: -1, 2
Wheel Offset: -2, 3
Wheel Offset: -2, 3
Wheel Offset: -2, 3
Wheel Offset: -100, -9
Pan Offset: 0, 0
Pan Offset: 242, 230
Wheel Offset: -81, 31
Wheel Offset: -81, 31
Wheel Offset: -81, 31
Wheel Offset: -81, 31
Wheel Offset: -81, 31
Wheel Offset: -81, 31
Wheel Offset: -81, 31
Wheel Offset: -81, 31
Wheel Offset: -81, 31
Wheel Offset: -81, 31
Wheel Offset: -81, 31
Wheel Offset: -81, 31
Wheel Offset: -81, 31
Wheel Offset: -81, 31
Wheel Offset: -81, 31
Wheel Offset: -82, 31
Wheel Offset: -82, 31
Wheel Offset: -82, 31
Wheel Offset: -82, 31
Wheel Offset: -82, 31
Wheel Offset: -82, 31
Wheel Offset: -82, 31
Wheel Offset: -82, 31
Wheel Offset: -86, 29
Wheel Offset: -86, 29
Wheel Offset: -86, 29
Wheel Offset: -86, 29
Wheel Offset: -86, 29
Wheel Offset: -86, 29
Wheel Offset: -86, 29
Wheel Offset: -86, 29
Wheel Offset: -87, 29
Wheel Offset: -87, 28
Wheel Offset: -87, 28
Wheel Offset: -87, 28
Wheel Offset: -87, 28
Wheel Offset: -87, 28
Wheel Offset: -87, 28
Wheel Offset: -87, 28
Wheel Offset: -87, 28
Wheel Offset: -87, 28
Wheel Offset: -87, 28
Wheel Offset: -87, 28
Wheel Offset: -87, 28
Wheel Offset: -87, 28
Wheel Offset: -87, 28
Wheel Offset: -87, 28
Wheel Offset: -87, 28
Wheel Offset: -87, 28
Wheel Offset: -87, 28
Wheel Offset: 13, 129
Wheel Offset: 13, 129
Wheel Offset: 13, 129
Wheel Offset: 13, 129
Wheel Offset: 13, 129
Wheel Offset: 13, 129
Wheel Offset: 13, 129
Wheel Offset: 13, 129
Wheel Offset: 13, 129
Wheel Offset: 13, 129
Wheel Offset: 13, 129
Wheel Offset: 13, 129
Wheel Offset: 13, 129
Wheel Offset: 13, 129
Wheel Offset: 13, 129
Wheel Offset: 13, 129
Wheel Offset: 13, 129
Wheel Offset: 13, 129
Wheel Offset: 13, 129
Wheel Offset: 13, 129
Wheel Offset: 13, 129
Wheel Offset: 13, 129
Wheel Offset: 13, 129
Wheel Offset: 13, 129
Wheel Offset: 13, 129
Wheel Offset: 13, 129
Wheel Offset: 13, 129
Wheel Offset: 13, 129
Pan Offset: 242, 230
Pan Offset: 44, 69
Wheel Offset: -2, 38
Wheel Offset: -2, 41
Wheel Offset: -1, 41
Wheel Offset: -153, -20
Wheel Offset: -153, -20
Wheel Offset: -153, -20
Wheel Offset: -65, 25
Wheel Offset: -65, 25
Wheel Offset: -65, 26
Wheel Offset: -16, 51
Wheel Offset: -16, 52
Wheel Offset: -16, 52
Wheel Offset: -16, 52
Wheel Offset: -14, 52
Wheel Offset: -14, 52
Wheel Offset: -14, 52
Wheel Offset: -14, 52
Wheel Offset: -14, 52
Wheel Offset: -14, 52
Wheel Offset: -14, 52
Wheel Offset: -14, 52
Wheel Offset: -14, 52
Wheel Offset: -14, 52
Wheel Offset: -14, 52
Wheel Offset: -14, 52
Wheel Offset: -14, 52
Wheel Offset: -14, 52
Wheel Offset: -14, 52
Wheel Offset: -14, 52
Wheel Offset: -14, 52
Wheel Offset: -14, 53
Wheel Offset: -14, 53
Wheel Offset: -14, 53
Wheel Offset: -14, 53
Wheel Offset: -14, 53
Wheel Offset: -16, 54
Wheel Offset: -16, 55
Wheel Offset: -16, 55
Wheel Offset: -16, 55
Wheel Offset: 0, 0
Wheel Offset: 0, 0
Pan Offset: 0, 0
Pan Offset: 68, 129
Wheel Offset: -48, 7
Wheel Offset: -48, 7
Wheel Offset: -48, 7
Wheel Offset: -48, 7
Wheel Offset: -48, 7
Wheel Offset: -48, 7
Wheel Offset: -48, 7
Wheel Offset: -48, 7
Wheel Offset: -48, 7
Wheel Offset: -48, 7
Wheel Offset: -48, 7
Wheel Offset: -49, 7
Wheel Offset: -50, 9
Pan Offset: 68, 129
Pan Offset: -138, -108
Pan Offset: -138, -108
Pan Offset: -439, -159
Pan Offset: -439, -159
Pan Offset: -744, -312
Pan Offset: -744, -312
Pan Offset: -806, -369
Wheel Offset: -10, 12
Wheel Offset: -10, 12
Wheel Offset: -10, 12
Wheel Offset: -10, 12
Pan Offset: 0, 0
Pan Offset: -72, 104
Pan Offset: -72, 104
Pan Offset: 43, 63
Wheel Offset: 0, 0
Wheel Offset: 0, 0
Wheel Offset: 0, 0
Wheel Offset: 0, 0
Wheel Offset: 0, 0
Pan Offset: 43, 63
Pan Offset: -293, -82
Pan Offset: -293, -82
Pan Offset: -597, -200
Pan Offset: -597, -200
Pan Offset: -749, -249
Wheel Offset: -118, -6
Wheel Offset: -118, -6
Pan Offset: -749, -249
Pan Offset: -453, -185
Wheel Offset: -75, -41
Wheel Offset: -75, -41
Pan Offset: 0, 0
Pan Offset: 249, 122
Wheel Offset: 0, 0
Wheel Offset: 0, 0
Wheel Offset: -85, -108
Wheel Offset: -85, -108
Wheel Offset: -85, -108
Pan Offset: 0, 0
Pan Offset: 68, 124
Wheel Offset: 19, 22
Wheel Offset: 19, 22
Wheel Offset: 19, 22
Wheel Offset: 19, 23
Wheel Offset: 19, 24
Wheel Offset: 19, 27
Wheel Offset: 19, 27
Wheel Offset: 19, 27
Wheel Offset: 19, 27
Wheel Offset: 19, 28
Wheel Offset: 19, 28
Wheel Offset: 19, 28
Wheel Offset: 19, 28
Wheel Offset: 19, 28
Wheel Offset: 19, 28
Wheel Offset: 19, 28
Wheel Offset: 19, 28
Wheel Offset: 19, 28
Wheel Offset: 19, 28
Wheel Offset: 19, 28
Wheel Offset: 141, 123
Wheel Offset: 134, 134
Wheel Offset: 120, 158
Wheel Offset: 115, 166
Wheel Offset: 115, 166
Wheel Offset: 115, 166
Pan Offset: 68, 124
Pan Offset: 531, 251
Wheel Offset: 556, 188
Wheel Offset: 556, 188
Wheel Offset: 556, 188
Wheel Offset: 570, 203
Wheel Offset: 570, 203
Wheel Offset: 570, 203
Wheel Offset: 570, 203
Wheel Offset: 570, 203
Wheel Offset: 570, 203
Wheel Offset: 570, 203
Wheel Offset: 570, 203
Wheel Offset: 570, 203
Wheel Offset: 570, 203
Wheel Offset: 570, 203
Wheel Offset: 570, 203
Wheel Offset: 570, 203
Wheel Offset: 570, 203
Wheel Offset: 570, 203
Wheel Offset: 570, 203
Wheel Offset: 570, 203
Wheel Offset: 570, 203
Wheel Offset: 570, 203
Wheel Offset: 570, 203
Wheel Offset: 570, 203
Wheel Offset: 570, 203
Wheel Offset: 570, 203
Wheel Offset: 570, 203
Wheel Offset: 570, 203
Wheel Offset: 570, 203
Wheel Offset: 570, 203
Wheel Offset: 570, 203
Wheel Offset: 570, 203
Pan Offset: 531, 251
Pan Offset: 347, 162
Wheel Offset: 518, 157
Wheel Offset: 518, 157
Wheel Offset: 518, 157
Pan Offset: 347, 162
Pan Offset: -8, 48
Wheel Offset: 470, 151
Wheel Offset: 470, 151
Wheel Offset: 470, 151
Wheel Offset: 117, 81
Pan Offset: 0, 0
Pan Offset: 365, 204
Wheel Offset: 0, 0
Wheel Offset: 0, 0
Wheel Offset: 0, 0
Wheel Offset: 0, 0
Wheel Offset: 0, 0
Wheel Offset: -80, -20
Wheel Offset: -81, -20
Wheel Offset: -182, 81
Wheel Offset: -182, 81
Wheel Offset: -182, 81
Pan Offset: 365, 204
Pan Offset: -31, -68
Wheel Offset: -55, -1
Pan Offset: 0, 0
Pan Offset: -119, 93
Wheel Offset: 0, 0
Wheel Offset: 0, 0
Pan Offset: -119, 93
Pan Offset: 173, 107
Wheel Offset: 83, -24
Wheel Offset: 83, -24
Wheel Offset: 83, -24
Wheel Offset: 90, -5
Wheel Offset: 91, -4
Wheel Offset: 0, 0
Wheel Offset: 0, 0
Wheel Offset: -157, -51
Pan Offset: 0, 0
Pan Offset: 80, 115
Wheel Offset: -9, 53
Wheel Offset: -9, 53
Wheel Offset: -9, 53
Wheel Offset: -9, 53
Wheel Offset: -9, 53
Wheel Offset: -9, 53
Wheel Offset: 16, 113
Wheel Offset: 16, 113
Wheel Offset: 16, 113
Pan Offset: 80, 115
Pan Offset: -159, -1
Wheel Offset: -78, 47
Wheel Offset: -78, 47
Pan Offset: -159, -1
Pan Offset: 80, 82
Wheel Offset: -8, 32
Wheel Offset: -8, 32
Wheel Offset: -8, 32
Wheel Offset: 79, 65
Wheel Offset: 79, 65
Pan Offset: 80, 82
Pan Offset: -277, -51
Wheel Offset: 0, 0
Wheel Offset: 0, 0
Wheel Offset: -125, -55
Wheel Offset: -125, -55
Wheel Offset: -125, -55
Wheel Offset: -125, -55
Wheel Offset: -125, -55
Wheel Offset: -118, -52
Wheel Offset: -118, -52
Wheel Offset: -118, -52
Wheel Offset: -118, -52
Wheel Offset: -118, -52
Wheel Offset: -118, -52
Pan Offset: 0, 0
Pan Offset: -272, -95
Wheel Offset: -111, -66
Wheel Offset: -111, -66
Wheel Offset: 18, -18
Wheel Offset: 135, 83
Wheel Offset: 135, 83
Wheel Offset: 72, 61
Wheel Offset: 65, 58
Wheel Offset: 65, 58
Wheel Offset: -213, -102
Wheel Offset: -213, -102
Wheel Offset: -201, -90
Wheel Offset: -201, -90
Pan Offset: -272, -95
Pan Offset: -340, -83
Pan Offset: -340, -83
Pan Offset: -265, -196
Pan Offset: 0, 0
Pan Offset: -63, -1
Wheel Offset: 0, 0
Wheel Offset: -1, 0
Wheel Offset: -1, 0
Pan Offset: 0, 0
Pan Offset: -304, -158
Wheel Offset: -21, -24
Wheel Offset: -21, -24
Pan Offset: -304, -158
Pan Offset: -675, -310
Wheel Offset: 116, 76
Wheel Offset: 117, 76
Wheel Offset: -18, 57
Wheel Offset: -22, 56
Pan Offset: -675, -310
Pan Offset: -198, -70
Pan Offset: 0, 0
Pan Offset: 353, 189
Wheel Offset: 0, 0
Wheel Offset: 74, 34
Pan Offset: 353, 189
Pan Offset: 95, 63
Wheel Offset: 9, -35
Pan Offset: 95, 63
Pan Offset: -120, -34
Wheel Offset: -76, -75
Wheel Offset: -76, -75
Wheel Offset: 293, 77
Wheel Offset: 293, 77
Pan Offset: 0, 0
Pan Offset: -144, -8
Pan Offset: -144, -8
Pan Offset: -144, -8
Pan Offset: -144, -8
Pan Offset: -134, 3
Pan Offset: -134, 3
Pan Offset: -225, 11
Wheel Offset: 0, 0
Wheel Offset: 0, 0
Pan Offset: -225, 11
Pan Offset: -555, -34
Wheel Offset: -18, 51
Wheel Offset: -18, 51
Pan Offset: -555, -34
Pan Offset: -1129, -238
Wheel Offset: 11, -23
Wheel Offset: 11, -23
Wheel Offset: -3, -17
Wheel Offset: -3, -17
Wheel Offset: 0, 0
Wheel Offset: 0, 0
Wheel Offset: 0, 0
Wheel Offset: 0, 0
Pan Offset: 0, 0
Pan Offset: -237, -347
Wheel Offset: 12, -116
Pan Offset: -237, -347
Pan Offset: -533, -568
Wheel Offset: 0, 0
Wheel Offset: 0, 0
Wheel Offset: 0, 0
Wheel Offset: 0, 0
Wheel Offset: 0, 0
Wheel Offset: 0, 0
Wheel Offset: 0, 0
Wheel Offset: 0, 0
Wheel Offset: 0, 0
Wheel Offset: 0, 0
Wheel Offset: 54, 15
Wheel Offset: 54, 15
Wheel Offset: 54, 15
Wheel Offset: 54, 15
Wheel Offset: 232, 73
Wheel Offset: 256, 82
Wheel Offset: 263, 82
Wheel Offset: 264, 82
Wheel Offset: 264, 82
Wheel Offset: 284, 116
Wheel Offset: 284, 116
Wheel Offset: 287, 116
Wheel Offset: 287, 116
Wheel Offset: 287, 116
Wheel Offset: 426, 108
Wheel Offset: 426, 108
Wheel Offset: 426, 108
Wheel Offset: 426, 108
Wheel Offset: 426, 108
Wheel Offset: 426, 108
Wheel Offset: 426, 108
Wheel Offset: 426, 108
Wheel Offset: 426, 108
Wheel Offset: 426, 108
Wheel Offset: 431, 103
Wheel Offset: 431, 103
Wheel Offset: 431, 103
Wheel Offset: 431, 103
Wheel Offset: 431, 103
Wheel Offset: 437, 99
Wheel Offset: 437, 99
Wheel Offset: 437, 99
Wheel Offset: 437, 99
Wheel Offset: 447, 94
Wheel Offset: 447, 94
Wheel Offset: 447, 94
Wheel Offset: 447, 94
Wheel Offset: 447, 94
Pan Offset: 0, 0
Pan Offset: -413, -127
Wheel Offset: 287, 12
Wheel Offset: 287, 12
Wheel Offset: 287, 12
Wheel Offset: 287, 12
Wheel Offset: 287, 12
Wheel Offset: 305, 10
Wheel Offset: 305, 10
Wheel Offset: 305, 10
Wheel Offset: 305, 10
Wheel Offset: 305, 10
Wheel Offset: 305, 10
Wheel Offset: 305, 10
Wheel Offset: 305, 10
Wheel Offset: 305, 10
Wheel Offset: 321, 13
Wheel Offset: 321, 13
Wheel Offset: 321, 13
Wheel Offset: 321, 13
Wheel Offset: 321, 13
Wheel Offset: 321, 13
Wheel Offset: 321, 13
Wheel Offset: 321, 13
Wheel Offset: 321, 13
Wheel Offset: 242, 7
Wheel Offset: 242, 7
Wheel Offset: 242, 7
Wheel Offset: 242, 7
Wheel Offset: 248, 4
Wheel Offset: 248, 4
Wheel Offset: 248, 4
Wheel Offset: 248, 4
Wheel Offset: 248, 4
Wheel Offset: 248, 4
Wheel Offset: 248, 4
Wheel Offset: 248, 4
Wheel Offset: 248, 4
Pan Offset: -413, -127
Pan Offset: -36, 92
Wheel Offset: 398, 120
Wheel Offset: 398, 120
Wheel Offset: 398, 120
Wheel Offset: 398, 120
Wheel Offset: 398, 117
Wheel Offset: 398, 117
Wheel Offset: 398, 117
Wheel Offset: 398, 117
Wheel Offset: 398, 117
Wheel Offset: 398, 117
Wheel Offset: 398, 117
Wheel Offset: 398, 117
Wheel Offset: 398, 116
Wheel Offset: 387, 106
Wheel Offset: 387, 106
Wheel Offset: 387, 106
Wheel Offset: 387, 106
Wheel Offset: 387, 103
Wheel Offset: 387, 103
Wheel Offset: 387, 103
Wheel Offset: 387, 103
Wheel Offset: 387, 103
Wheel Offset: 391, 101
Wheel Offset: 391, 101
Wheel Offset: 391, 101
Pan Offset: -36, 92
Pan Offset: -259, -109
Pan Offset: 0, 0
Pan Offset: 257, 103
Wheel Offset: 0, 0
Wheel Offset: 2, 4
Wheel Offset: 8, 11
Wheel Offset: -26, -26
Wheel Offset: -26, -26
Wheel Offset: -26, -26
Wheel Offset: -26, -26
Wheel Offset: -26, -26
Wheel Offset: -26, -26
Wheel Offset: 186, 329
Wheel Offset: 178, 315
Wheel Offset: 160, 289
Wheel Offset: 198, 283
Wheel Offset: 216, 288
Wheel Offset: 217, 288
Wheel Offset: 323, 423
Wheel Offset: 323, 423
Wheel Offset: 323, 423
Wheel Offset: 323, 423
Wheel Offset: 323, 423
Wheel Offset: 323, 423
Wheel Offset: 323, 423
Wheel Offset: 332, 423
Wheel Offset: 460, 480
Wheel Offset: 461, 481
Wheel Offset: 461, 481
Wheel Offset: 453, 474
Wheel Offset: 453, 474
Wheel Offset: 453, 474
Wheel Offset: 453, 474
Wheel Offset: 453, 474
Wheel Offset: 453, 474
Wheel Offset: 453, 474
Wheel Offset: 453, 474
Pan Offset: 257, 103
Pan Offset: 44, -199
Wheel Offset: 224, 295
Wheel Offset: 224, 291
Wheel Offset: 223, 284
Wheel Offset: 215, 265
Wheel Offset: 261, 242
Wheel Offset: 262, 242
Wheel Offset: 266, 244
Wheel Offset: 269, 246
Wheel Offset: 361, 319
Wheel Offset: 361, 319
Wheel Offset: 361, 319
Wheel Offset: 361, 320
Wheel Offset: 441, 384
Wheel Offset: 441, 388
Wheel Offset: 442, 389
Wheel Offset: 442, 389
Wheel Offset: 526, 452
Wheel Offset: 526, 452
Wheel Offset: 526, 452
Pan Offset: 44, -199
Pan Offset: -218, -542
Wheel Offset: 214, 278
Wheel Offset: 214, 278
Wheel Offset: 214, 278
Wheel Offset: 214, 278
Wheel Offset: 466, 313
Wheel Offset: 466, 313
Wheel Offset: 466, 313
Wheel Offset: 466, 313
Wheel Offset: 503, 336
Wheel Offset: 503, 336
Wheel Offset: 503, 336
Wheel Offset: 503, 336
Wheel Offset: 542, 380
Wheel Offset: 542, 381
Wheel Offset: 542, 381
Wheel Offset: 542, 381
Pan Offset: -218, -542
Pan Offset: -792, -854
Wheel Offset: 28, 195
Wheel Offset: 28, 195
Wheel Offset: 28, 195
Wheel Offset: 28, 195
Wheel Offset: 366, 344
Wheel Offset: 366, 344
Wheel Offset: 366, 344
Wheel Offset: 366, 344
Wheel Offset: 373, 353
Wheel Offset: 373, 353
Wheel Offset: 373, 353
Wheel Offset: 373, 353
Pan Offset: -792, -854
Pan Offset: -964, -1236
Wheel Offset: 183, 171
Wheel Offset: 183, 171
Wheel Offset: 183, 171
Wheel Offset: 183, 171
Wheel Offset: 339, 260
Wheel Offset: 339, 260
Wheel Offset: 339, 260
Wheel Offset: 339, 260
Wheel Offset: 339, 260
Wheel Offset: 339, 260
Pan Offset: -964, -1236
Pan Offset: -1507, -1558
Wheel Offset: 79, 165
Wheel Offset: 78, 165
Wheel Offset: 78, 165
Wheel Offset: 78, 166
Wheel Offset: 182, 237
Wheel Offset: 182, 237
Wheel Offset: 182, 237
Wheel Offset: 182, 237
Wheel Offset: 216, 247
Wheel Offset: 216, 247
Pan Offset: -1507, -1558
Pan Offset: -1736, -1723
Wheel Offset: 314, 410
Wheel Offset: 314, 415
Wheel Offset: 314, 417
Wheel Offset: 314, 417
Wheel Offset: 315, 420
Wheel Offset: 315, 420
Wheel Offset: 315, 420
Pan Offset: -1736, -1723
Pan Offset: -2354, -2141
Wheel Offset: 138, 379
Wheel Offset: 138, 383
Wheel Offset: 138, 383
Wheel Offset: 138, 384
Wheel Offset: 195, 406
Wheel Offset: 195, 406
Wheel Offset: 195, 406
Pan Offset: -2354, -2141
Pan Offset: -2619, -2673
Wheel Offset: 115, 0
Wheel Offset: 115, 0
Wheel Offset: 115, 0
Wheel Offset: 391, 200
Wheel Offset: 365, 201
Wheel Offset: 357, 201
Wheel Offset: 527, 286
Wheel Offset: 523, 283
Wheel Offset: 523, 283
Wheel Offset: 523, 283
Pan Offset: -2619, -2673
Pan Offset: -3531, -3232
Wheel Offset: 44, 133
Wheel Offset: 44, 133
Wheel Offset: 44, 133
Wheel Offset: 44, 133
Kaliber3D.vshost.exe Error: 0 : The process cannot access the file 'C:\Users\Nguyent04\Documents\Project.pdf' because it is being used by another process.
   at System.IO.__Error.WinIOError(Int32 errorCode, String maybeFullPath)
   at System.IO.FileStream.Init(String path, FileMode mode, FileAccess access, Int32 rights, Boolean useRights, FileShare share, Int32 bufferSize, FileOptions options, SECURITY_ATTRIBUTES secAttrs, String msgPath, Boolean bFromProxy, Boolean useLongPath, Boolean checkHost)
   at System.IO.FileStream..ctor(String path, FileMode mode, FileAccess access, FileShare share)
   at PdfSharp.Pdf.PdfDocument.Save(String path)
   at PdfSharp.PdfRenderer.Save(String path, Project project) in c:\Users\Nguyent04\Desktop\B2_10092015_0600\Kaliber3D\Dependencies\Renderer.PdfSharp-wpf\PdfRenderer.cs:line 153
   at Kaliber3D.Render.PdfWriter.Save(String path, Object item, Object options) in c:\Users\Nguyent04\Desktop\B2_10092015_0600\Kaliber3D\Dependencies\FileWriter.Pdf-wpf\PdfWriter.cs:line 43
   at Kaliber3D.Render.EditorContext.ExportAsPdf(String path, Object item) in c:\Users\Nguyent04\Desktop\B2_10092015_0600\Kaliber3D\Kaliber3D.Render\Editor\EditorContext.cs:line 1503
Wheel Offset: 0, 0
Wheel Offset: 0, 0
Wheel Offset: 9, 23
Wheel Offset: 9, 24
Wheel Offset: 9, 24
Wheel Offset: 22, 26
Wheel Offset: 22, 26
Wheel Offset: 22, 26
Pan Offset: 0, 0
Pan Offset: -280, -170
Wheel Offset: -229, -33
Wheel Offset: -228, -31
Wheel Offset: -228, -31
Wheel Offset: -121, 0
Wheel Offset: -121, 0
Wheel Offset: -121, 0
Wheel Offset: -121, 0
Wheel Offset: -103, -6
Wheel Offset: -103, -6
Wheel Offset: -103, -6
Wheel Offset: -65, -6
Wheel Offset: -65, -6
Wheel Offset: -65, -6
Wheel Offset: -65, -6
Wheel Offset: -48, -2
Wheel Offset: -48, -1
Wheel Offset: -48, -1
Wheel Offset: -48, -1
Pan Offset: -280, -170
Pan Offset: -369, -372
Wheel Offset: -36, -3
Wheel Offset: -36, 4
Wheel Offset: -36, 4
Wheel Offset: -12, 11
Wheel Offset: -12, 11
Wheel Offset: -12, 11
Wheel Offset: -12, 11
Wheel Offset: -3, 7
Wheel Offset: -3, 7
Wheel Offset: -3, 7
Wheel Offset: -3, 7
Wheel Offset: 17, 6
Wheel Offset: 17, 6
Wheel Offset: 17, 6
Wheel Offset: 17, 6
Pan Offset: -369, -372
Pan Offset: -618, -660
Pan Offset: 0, 0
Pan Offset: -115, -1
Kaliber3D.vshost.exe Error: 0 : The process cannot access the file 'C:\Users\Nguyent04\Documents\Project.pdf' because it is being used by another process.
   at System.IO.__Error.WinIOError(Int32 errorCode, String maybeFullPath)
   at System.IO.FileStream.Init(String path, FileMode mode, FileAccess access, Int32 rights, Boolean useRights, FileShare share, Int32 bufferSize, FileOptions options, SECURITY_ATTRIBUTES secAttrs, String msgPath, Boolean bFromProxy, Boolean useLongPath, Boolean checkHost)
   at System.IO.FileStream..ctor(String path, FileMode mode, FileAccess access, FileShare share)
   at PdfSharp.Pdf.PdfDocument.Save(String path)
   at PdfSharp.PdfRenderer.Save(String path, Project project) in c:\Users\Nguyent04\Desktop\B2_10092015_0600\Kaliber3D\Dependencies\Renderer.PdfSharp-wpf\PdfRenderer.cs:line 153
   at Kaliber3D.Render.PdfWriter.Save(String path, Object item, Object options) in c:\Users\Nguyent04\Desktop\B2_10092015_0600\Kaliber3D\Dependencies\FileWriter.Pdf-wpf\PdfWriter.cs:line 43
   at Kaliber3D.Render.EditorContext.ExportAsPdf(String path, Object item) in c:\Users\Nguyent04\Desktop\B2_10092015_0600\Kaliber3D\Kaliber3D.Render\Editor\EditorContext.cs:line 1503
Pan Offset: 0, 0
Pan Offset: -132, 4
Pan Offset: -132, 4
Pan Offset: 214, 100
Wheel Offset: 0, 0
Wheel Offset: -18, 8
Wheel Offset: -33, 10
Wheel Offset: -46, 11
Wheel Offset: -46, 11
Wheel Offset: -46, 11
Wheel Offset: -52, 12
Wheel Offset: -52, 12
Wheel Offset: -52, 12
Wheel Offset: 87, 51
Wheel Offset: 90, 52
Wheel Offset: 90, 52
Wheel Offset: 90, 52
Wheel Offset: 97, 57
Wheel Offset: 98, 57
Wheel Offset: 98, 57
Wheel Offset: 98, 57
Wheel Offset: 104, 57
Wheel Offset: 104, 57
Wheel Offset: 104, 57
Wheel Offset: 104, 57
Wheel Offset: 103, 57
Wheel Offset: 103, 57
Wheel Offset: 103, 57
Wheel Offset: 103, 57
Pan Offset: 214, 100
Pan Offset: -60, 21
Wheel Offset: -185, -21
Wheel Offset: -185, -21
Wheel Offset: -185, -21
Wheel Offset: -187, -22
Wheel Offset: -187, -22
Wheel Offset: -187, -22
Wheel Offset: -187, -22
Wheel Offset: -190, -24
Wheel Offset: -190, -24
Wheel Offset: -190, -24
Pan Offset: -60, 21
Pan Offset: -220, -139
Wheel Offset: -174, -94
Wheel Offset: -174, -94
Wheel Offset: -174, -94
Wheel Offset: -174, -94
Wheel Offset: -174, -94
Wheel Offset: -174, -93
Wheel Offset: -174, -93
Wheel Offset: -174, -93
Pan Offset: -220, -139
Pan Offset: -36, -57
Wheel Offset: -170, -49
Wheel Offset: -170, -49
Wheel Offset: -170, -49
Pan Offset: 0, 0
Pan Offset: -133, 20
Pan Offset: -133, 20
Pan Offset: -10, 48
Pan Offset: 0, 0
Pan Offset: -38, -14
Pan Offset: 0, 0
Pan Offset: -100, -8
Pan Offset: 0, 0
Pan Offset: -145, -20
Pan Offset: 0, 0
Pan Offset: -146, -17
Pan Offset: 0, 0
Pan Offset: -91, -57
Pan Offset: 0, 0
Pan Offset: -34, 43
Wheel Offset: 0, 0
Wheel Offset: 0, 0
Wheel Offset: 0, 0
Wheel Offset: 1, 4
Wheel Offset: 1, 4
Wheel Offset: 1, 4
Wheel Offset: 1, 4
Wheel Offset: 1, 4
Wheel Offset: 1, 4
Wheel Offset: 1, 4
Wheel Offset: 1, 4
Wheel Offset: 1, 4
Wheel Offset: 1, 4
Wheel Offset: 1, 7
Wheel Offset: 1, 7
Wheel Offset: 1, 7
Wheel Offset: 1, 7
Wheel Offset: -2, 10
Wheel Offset: -2, 10
Wheel Offset: -2, 10
Wheel Offset: -2, 10
Wheel Offset: -4, 11
Wheel Offset: -4, 11
Wheel Offset: -4, 11
Wheel Offset: -4, 11
Wheel Offset: -7, 11
Wheel Offset: -7, 11
Wheel Offset: -7, 11
Wheel Offset: -7, 11
Wheel Offset: -7, 11
Wheel Offset: -7, 11
Wheel Offset: -7, 11
Wheel Offset: -8, 13
Wheel Offset: -8, 13
Pan Offset: -34, 43
Pan Offset: 91, 121
Wheel Offset: -67, 36
Wheel Offset: -67, 36
Wheel Offset: -67, 36
Wheel Offset: -67, 43
Wheel Offset: -67, 41
Wheel Offset: -67, 40
Wheel Offset: -67, 40
Wheel Offset: 13, 46
Wheel Offset: 13, 46
Wheel Offset: 13, 46
Wheel Offset: 13, 46
Wheel Offset: 36, 42
Wheel Offset: 36, 42
Wheel Offset: 36, 42
Wheel Offset: 36, 42
Wheel Offset: 36, 42
Wheel Offset: 36, 42
Wheel Offset: 36, 42
Wheel Offset: 36, 42
Wheel Offset: 36, 42
Wheel Offset: 36, 42
Wheel Offset: 36, 42
Pan Offset: 0, 0
Pan Offset: -31, -5
Wheel Offset: 0, 0
Wheel Offset: 0, 0
Wheel Offset: 4, -18
Wheel Offset: 4, -18
Wheel Offset: 4, -18
Wheel Offset: 47, 8
Wheel Offset: 48, 11
Wheel Offset: 49, 12
Pan Offset: 0, 0
Pan Offset: -62, -17
Wheel Offset: 0, 0
Wheel Offset: 0, 0
Wheel Offset: 0, 0
Wheel Offset: 10, -1
Wheel Offset: 10, -1
Wheel Offset: 10, -1
Wheel Offset: 10, -1
Wheel Offset: 10, -1
Wheel Offset: 9, -1
Wheel Offset: 1, -1
Pan Offset: -62, -17
Pan Offset: -230, -56
Pan Offset: -230, -56
Pan Offset: -181, -64
Pan Offset: 0, 0
Pan Offset: -115, -14
Wheel Offset: 0, 0
Wheel Offset: 0, 0
Wheel Offset: 0, 0
Wheel Offset: 0, 0
Wheel Offset: 10, 5
Wheel Offset: 10, 5
Wheel Offset: 10, 5
Wheel Offset: 10, 5
Wheel Offset: 21, 11
Wheel Offset: 21, 11
Wheel Offset: 21, 11
Wheel Offset: 21, 11
Wheel Offset: 21, 11
Wheel Offset: 21, 11
Wheel Offset: 21, 11
Pan Offset: 0, 0
Pan Offset: -96, -303
Wheel Offset: -47, -77
Wheel Offset: -47, -77
Wheel Offset: -47, -77
Wheel Offset: 35, -81
Wheel Offset: 35, -81
Wheel Offset: 35, -81
Wheel Offset: 84, -59
Wheel Offset: 84, -59
Wheel Offset: 84, -59
Wheel Offset: 84, -59
Wheel Offset: 118, -15
Wheel Offset: 118, -15
Wheel Offset: 118, -15
Wheel Offset: 118, -15
Wheel Offset: 131, 11
Wheel Offset: 131, 11
Wheel Offset: 131, 11
Pan Offset: -96, -303
Pan Offset: -201, -525
Wheel Offset: 37, -127
Wheel Offset: 37, -127
Wheel Offset: 37, -127
Wheel Offset: 125, -55
Wheel Offset: 125, -54
Wheel Offset: 125, -54
Wheel Offset: 125, -54
Wheel Offset: 125, -54
Wheel Offset: 125, -54
Wheel Offset: 125, -54
Wheel Offset: 129, -46
Wheel Offset: 129, -46
Wheel Offset: 129, -46
Wheel Offset: 129, -46
Pan Offset: -201, -525
Pan Offset: -732, -786
Pan Offset: -732, -786
Pan Offset: -990, -718
Wheel Offset: 126, -48
Wheel Offset: 141, -44
Wheel Offset: 141, -44
Wheel Offset: 164, -33
Wheel Offset: 164, -33
Wheel Offset: 0, 0
Wheel Offset: 0, 0
Wheel Offset: 0, 0
Wheel Offset: -3, 47
Wheel Offset: -3, 51
Wheel Offset: -3, 52
Wheel Offset: -3, 57
Wheel Offset: 7, 115
Wheel Offset: 9, 120
Wheel Offset: 10, 121
Wheel Offset: 10, 123
Wheel Offset: 77, 195
Wheel Offset: 82, 207
Wheel Offset: 88, 214
Wheel Offset: 90, 219
Wheel Offset: 209, 260
Wheel Offset: 210, 261
Wheel Offset: 210, 261
Wheel Offset: 210, 261
Wheel Offset: 210, 261
Wheel Offset: 210, 262
Wheel Offset: 210, 262
Wheel Offset: 211, 262
Wheel Offset: 211, 262
Wheel Offset: 272, 264
Wheel Offset: 274, 265
Wheel Offset: 274, 265
Wheel Offset: 275, 266
Wheel Offset: 275, 266
Wheel Offset: 275, 266
Wheel Offset: 275, 266
Wheel Offset: 275, 266
Wheel Offset: 276, 266
Pan Offset: 0, 0
Pan Offset: -60, -116
Wheel Offset: 323, 165
Wheel Offset: 323, 166
Wheel Offset: 320, 167
Wheel Offset: 319, 180
Wheel Offset: 319, 180
Wheel Offset: 319, 180
Wheel Offset: 319, 180
Pan Offset: -60, -116
Pan Offset: -190, -150
Pan Offset: -190, -150
Pan Offset: -305, -149
Wheel Offset: 173, 137
Wheel Offset: 173, 137
Wheel Offset: 173, 137
Wheel Offset: 173, 137
Wheel Offset: 171, 138
Wheel Offset: 171, 140
Wheel Offset: 170, 141
Wheel Offset: 170, 141
Wheel Offset: 170, 141
Pan Offset: -305, -149
Pan Offset: -133, -136
Pan Offset: -133, -136
Pan Offset: -13, -108
Pan Offset: 0, 0
Pan Offset: -121, -2
Wheel Offset: 0, 0
Wheel Offset: 0, 0
Wheel Offset: 0, 0
Wheel Offset: -2, 0
Wheel Offset: -2, 0
Wheel Offset: -2, 0
Wheel Offset: -2, -2
Wheel Offset: -3, -2
Wheel Offset: -3, -2
Wheel Offset: -66, -11
Wheel Offset: -66, -11
Wheel Offset: -66, -11
Wheel Offset: -69, -13
Wheel Offset: -69, -13
Wheel Offset: -69, -13
Wheel Offset: -70, -14
Wheel Offset: -70, -14
Wheel Offset: -70, -14
Wheel Offset: -70, -14
Wheel Offset: -71, -15
Wheel Offset: -71, -15
Wheel Offset: -63, -43
Wheel Offset: -63, -43
Wheel Offset: -63, -43
Wheel Offset: -63, -43
Wheel Offset: -63, -43
Wheel Offset: -63, -43
Wheel Offset: -68, -54
Wheel Offset: -72, -56
Wheel Offset: -76, -57
Wheel Offset: -84, -57
Wheel Offset: -84, -57
Wheel Offset: -84, -57
Wheel Offset: -84, -59
Wheel Offset: -84, -59
Wheel Offset: -84, -59
Wheel Offset: -84, -59
Wheel Offset: -84, -59
Wheel Offset: -84, -59
Pan Offset: 0, 0
Pan Offset: -158, 42
